<?xml version="1.0" encoding="UTF-8"?>
<robot generator="Robot 5.0.1 (Python 3.10.3 on win32)" generated="20220706 02:19:26.701" rpa="false" schemaversion="3">
<suite id="s1" name="Chico" source="C:\Users\Vini\Desktop\ProvaTest\Chico.robot">
<test id="s1-t1" name="Processo de compra de uma camiseta &quot;Vira lata caramelo&quot; no site do Chico Rei" line="11">
<kw name="Compra da camiseta &quot;Vira lata caramelo&quot;" library="chico">
<kw name="Open Browser" library="SeleniumLibrary">
<arg>${SITE}</arg>
<arg>${NAVEGADOR}</arg>
<doc>Opens a new browser instance to the optional ``url``.</doc>
<msg timestamp="20220706 02:19:26.999" level="INFO">Opening browser 'Chrome' to base url 'https://chicorei.com/'.</msg>
<status status="PASS" starttime="20220706 02:19:26.998" endtime="20220706 02:19:32.539"/>
</kw>
<kw name="Sleep" library="BuiltIn">
<arg>2</arg>
<doc>Pauses the test executed for the given time.</doc>
<msg timestamp="20220706 02:19:34.552" level="INFO">Slept 2 seconds</msg>
<status status="PASS" starttime="20220706 02:19:32.540" endtime="20220706 02:19:34.552"/>
</kw>
<kw name="Click Button" library="SeleniumLibrary">
<arg>${CONFIRMAR}</arg>
<doc>Clicks the button identified by ``locator``.</doc>
<msg timestamp="20220706 02:19:34.554" level="INFO">Clicking button 'id=confirmPolicyButton'.</msg>
<status status="PASS" starttime="20220706 02:19:34.552" endtime="20220706 02:19:34.656"/>
</kw>
<kw name="Sleep" library="BuiltIn">
<arg>2</arg>
<doc>Pauses the test executed for the given time.</doc>
<msg timestamp="20220706 02:19:36.657" level="INFO">Slept 2 seconds</msg>
<status status="PASS" starttime="20220706 02:19:34.656" endtime="20220706 02:19:36.658"/>
</kw>
<kw name="Wait Until Element Is Visible" library="SeleniumLibrary">
<arg>${PESQUISA}</arg>
<doc>Waits until the element ``locator`` is visible.</doc>
<status status="PASS" starttime="20220706 02:19:36.659" endtime="20220706 02:19:36.682"/>
</kw>
<kw name="Sleep" library="BuiltIn">
<arg>2</arg>
<doc>Pauses the test executed for the given time.</doc>
<msg timestamp="20220706 02:19:38.685" level="INFO">Slept 2 seconds</msg>
<status status="PASS" starttime="20220706 02:19:36.682" endtime="20220706 02:19:38.685"/>
</kw>
<kw name="Input Text" library="SeleniumLibrary">
<arg>${PESQUISA}</arg>
<arg>${NOME_PESQUISA_1}</arg>
<doc>Types the given ``text`` into the text field identified by ``locator``.</doc>
<msg timestamp="20220706 02:19:38.685" level="INFO">Typing text 'Vira lata caramelo' into text field 'id=header-search-input-desktop'.</msg>
<status status="PASS" starttime="20220706 02:19:38.685" endtime="20220706 02:19:38.815"/>
</kw>
<kw name="Sleep" library="BuiltIn">
<arg>2</arg>
<doc>Pauses the test executed for the given time.</doc>
<msg timestamp="20220706 02:19:40.820" level="INFO">Slept 2 seconds</msg>
<status status="PASS" starttime="20220706 02:19:38.815" endtime="20220706 02:19:40.820"/>
</kw>
<kw name="Click Element" library="SeleniumLibrary">
<arg>${ABRIR_TODOS}</arg>
<doc>Click the element identified by ``locator``.</doc>
<msg timestamp="20220706 02:19:40.822" level="INFO">Clicking element 'xpath=//div[@id='header-search-desktop']/form/div/div/a'.</msg>
<msg timestamp="20220706 02:19:43.430" level="INFO" html="true">&lt;/td&gt;&lt;/tr&gt;&lt;tr&gt;&lt;td colspan="3"&gt;&lt;a href="selenium-screenshot-52.png"&gt;&lt;img src="selenium-screenshot-52.png" width="800px"&gt;&lt;/a&gt;</msg>
<msg timestamp="20220706 02:19:43.431" level="FAIL">WebDriverException: Message: unknown error: cannot determine loading status
from unknown error: unexpected command response
  (Session info: chrome=103.0.5060.114)
Stacktrace:
Backtrace:
	Ordinal0 [0x00346463+2188387]
	Ordinal0 [0x002DE461+1762401]
	Ordinal0 [0x001F3D78+802168]
	Ordinal0 [0x001E7210+750096]
	Ordinal0 [0x001E675A+747354]
	Ordinal0 [0x001E5D3F+744767]
	Ordinal0 [0x001E4C28+740392]
	Ordinal0 [0x001E5228+741928]
	Ordinal0 [0x001EF153+782675]
	Ordinal0 [0x001F9FBB+827323]
	Ordinal0 [0x001FD310+840464]
	Ordinal0 [0x001E54F6+742646]
	Ordinal0 [0x001F9BF3+826355]
	Ordinal0 [0x0024CF6D+1167213]
	Ordinal0 [0x0023C5F6+1099254]
	Ordinal0 [0x00216BE0+945120]
	Ordinal0 [0x00217AD6+948950]
	GetHandleVerifier [0x005E71F2+2712546]
	GetHandleVerifier [0x005D886D+2652765]
	GetHandleVerifier [0x003D002A+520730]
	GetHandleVerifier [0x003CEE06+516086]
	Ordinal0 [0x002E468B+1787531]
	Ordinal0 [0x002E8E88+1805960]
	Ordinal0 [0x002E8F75+1806197]
	Ordinal0 [0x002F1DF1+1842673]
	BaseThreadInitThunk [0x769EFA29+25]
	RtlGetAppContainerNamedObjectPath [0x77A27A9E+286]
	RtlGetAppContainerNamedObjectPath [0x77A27A6E+238]
</msg>
<status status="FAIL" starttime="20220706 02:19:40.821" endtime="20220706 02:19:43.433"/>
</kw>
<kw name="Sleep" library="BuiltIn">
<arg>2</arg>
<doc>Pauses the test executed for the given time.</doc>
<status status="NOT RUN" starttime="20220706 02:19:43.433" endtime="20220706 02:19:43.433"/>
</kw>
<kw name="Wait Until Element Is Visible" library="SeleniumLibrary">
<arg>${RESUL_PESQ}</arg>
<doc>Waits until the element ``locator`` is visible.</doc>
<status status="NOT RUN" starttime="20220706 02:19:43.434" endtime="20220706 02:19:43.434"/>
</kw>
<kw name="Sleep" library="BuiltIn">
<arg>2</arg>
<doc>Pauses the test executed for the given time.</doc>
<status status="NOT RUN" starttime="20220706 02:19:43.434" endtime="20220706 02:19:43.434"/>
</kw>
<kw name="Click Element" library="SeleniumLibrary">
<arg>${PESQUISA_1}</arg>
<doc>Click the element identified by ``locator``.</doc>
<status status="NOT RUN" starttime="20220706 02:19:43.434" endtime="20220706 02:19:43.434"/>
</kw>
<kw name="Sleep" library="BuiltIn">
<arg>2</arg>
<doc>Pauses the test executed for the given time.</doc>
<status status="NOT RUN" starttime="20220706 02:19:43.434" endtime="20220706 02:19:43.434"/>
</kw>
<kw name="Click Element" library="SeleniumLibrary">
<arg>${MODELAGEM}</arg>
<doc>Click the element identified by ``locator``.</doc>
<status status="NOT RUN" starttime="20220706 02:19:43.434" endtime="20220706 02:19:43.434"/>
</kw>
<kw name="Sleep" library="BuiltIn">
<arg>2</arg>
<doc>Pauses the test executed for the given time.</doc>
<status status="NOT RUN" starttime="20220706 02:19:43.434" endtime="20220706 02:19:43.434"/>
</kw>
<kw name="Page Should Contain" library="SeleniumLibrary">
<arg>${CONTEM}</arg>
<doc>Verifies that current page contains ``text``.</doc>
<status status="NOT RUN" starttime="20220706 02:19:43.434" endtime="20220706 02:19:43.434"/>
</kw>
<kw name="Sleep" library="BuiltIn">
<arg>2</arg>
<doc>Pauses the test executed for the given time.</doc>
<status status="NOT RUN" starttime="20220706 02:19:43.434" endtime="20220706 02:19:43.434"/>
</kw>
<kw name="Click Element" library="SeleniumLibrary">
<arg>${TAMANHO}</arg>
<doc>Click the element identified by ``locator``.</doc>
<status status="NOT RUN" starttime="20220706 02:19:43.434" endtime="20220706 02:19:43.434"/>
</kw>
<kw name="Sleep" library="BuiltIn">
<arg>2</arg>
<doc>Pauses the test executed for the given time.</doc>
<status status="NOT RUN" starttime="20220706 02:19:43.434" endtime="20220706 02:19:43.434"/>
</kw>
<kw name="Click Element" library="SeleniumLibrary">
<arg>${COR_1}</arg>
<doc>Click the element identified by ``locator``.</doc>
<status status="NOT RUN" starttime="20220706 02:19:43.434" endtime="20220706 02:19:43.434"/>
</kw>
<kw name="Sleep" library="BuiltIn">
<arg>2</arg>
<doc>Pauses the test executed for the given time.</doc>
<status status="NOT RUN" starttime="20220706 02:19:43.434" endtime="20220706 02:19:43.434"/>
</kw>
<kw name="Click Element" library="SeleniumLibrary">
<arg>${COMPRAR}</arg>
<doc>Click the element identified by ``locator``.</doc>
<status status="NOT RUN" starttime="20220706 02:19:43.435" endtime="20220706 02:19:43.435"/>
</kw>
<kw name="Sleep" library="BuiltIn">
<arg>2</arg>
<doc>Pauses the test executed for the given time.</doc>
<status status="NOT RUN" starttime="20220706 02:19:43.435" endtime="20220706 02:19:43.435"/>
</kw>
<kw name="Click Element" library="SeleniumLibrary">
<arg>${VER_SACOLA}</arg>
<doc>Click the element identified by ``locator``.</doc>
<status status="NOT RUN" starttime="20220706 02:19:43.435" endtime="20220706 02:19:43.435"/>
</kw>
<kw name="Sleep" library="BuiltIn">
<arg>2</arg>
<doc>Pauses the test executed for the given time.</doc>
<status status="NOT RUN" starttime="20220706 02:19:43.435" endtime="20220706 02:19:43.435"/>
</kw>
<kw name="Page Should Contain" library="SeleniumLibrary">
<arg>${FRASE}</arg>
<doc>Verifies that current page contains ``text``.</doc>
<status status="NOT RUN" starttime="20220706 02:19:43.435" endtime="20220706 02:19:43.435"/>
</kw>
<kw name="Sleep" library="BuiltIn">
<arg>2</arg>
<doc>Pauses the test executed for the given time.</doc>
<status status="NOT RUN" starttime="20220706 02:19:43.435" endtime="20220706 02:19:43.435"/>
</kw>
<kw name="Click Element" library="SeleniumLibrary">
<arg>${FECHAR_COMPRA}</arg>
<doc>Click the element identified by ``locator``.</doc>
<status status="NOT RUN" starttime="20220706 02:19:43.435" endtime="20220706 02:19:43.435"/>
</kw>
<kw name="Sleep" library="BuiltIn">
<arg>2</arg>
<doc>Pauses the test executed for the given time.</doc>
<status status="NOT RUN" starttime="20220706 02:19:43.435" endtime="20220706 02:19:43.435"/>
</kw>
<kw name="Close Browser" library="SeleniumLibrary">
<doc>Closes the current browser.</doc>
<status status="NOT RUN" starttime="20220706 02:19:43.435" endtime="20220706 02:19:43.435"/>
</kw>
<status status="FAIL" starttime="20220706 02:19:26.998" endtime="20220706 02:19:43.436"/>
</kw>
<status status="FAIL" starttime="20220706 02:19:26.997" endtime="20220706 02:19:43.436">WebDriverException: Message: unknown error: cannot determine loading status
from unknown error: unexpected command response
  (Session info: chrome=103.0.5060.114)
Stacktrace:
Backtrace:
	Ordinal0 [0x00346463+2188387]
	Ordinal0 [0x002DE461+1762401]
	Ordinal0 [0x001F3D78+802168]
	Ordinal0 [0x001E7210+750096]
	Ordinal0 [0x001E675A+747354]
	Ordinal0 [0x001E5D3F+744767]
	Ordinal0 [0x001E4C28+740392]
	Ordinal0 [0x001E5228+741928]
	Ordinal0 [0x001EF153+782675]
	Ordinal0 [0x001F9FBB+827323]
	Ordinal0 [0x001FD310+840464]
	Ordinal0 [0x001E54F6+742646]
	Ordinal0 [0x001F9BF3+826355]
	Ordinal0 [0x0024CF6D+1167213]
	Ordinal0 [0x0023C5F6+1099254]
	Ordinal0 [0x00216BE0+945120]
	Ordinal0 [0x00217AD6+948950]
	GetHandleVerifier [0x005E71F2+2712546]
	GetHandleVerifier [0x005D886D+2652765]
	GetHandleVerifier [0x003D002A+520730]
	GetHandleVerifier [0x003CEE06+516086]
	Ordinal0 [0x002E468B+1787531]
	Ordinal0 [0x002E8E88+1805960]
	Ordinal0 [0x002E8F75+1806197]
	Ordinal0 [0x002F1DF1+1842673]
	BaseThreadInitThunk [0x769EFA29+25]
	RtlGetAppContainerNamedObjectPath [0x77A27A9E+286]
	RtlGetAppContainerNamedObjectPath [0x77A27A6E+238]
</status>
</test>
<test id="s1-t2" name="Processo de compra de uma camiseta &quot; Amarelo é Desespero&quot; no site do Chico Rei" line="15">
<kw name="Compra da camiseta &quot;Amarelo é Desespero&quot;" library="chico">
<kw name="Open Browser" library="SeleniumLibrary">
<arg>${SITE}</arg>
<arg>${NAVEGADOR}</arg>
<doc>Opens a new browser instance to the optional ``url``.</doc>
<msg timestamp="20220706 02:19:43.443" level="INFO">Opening browser 'Chrome' to base url 'https://chicorei.com/'.</msg>
<status status="PASS" starttime="20220706 02:19:43.442" endtime="20220706 02:19:50.778"/>
</kw>
<kw name="Sleep" library="BuiltIn">
<arg>1</arg>
<doc>Pauses the test executed for the given time.</doc>
<msg timestamp="20220706 02:19:51.789" level="INFO">Slept 1 second</msg>
<status status="PASS" starttime="20220706 02:19:50.778" endtime="20220706 02:19:51.789"/>
</kw>
<kw name="Click Button" library="SeleniumLibrary">
<arg>${CONFIRMAR}</arg>
<doc>Clicks the button identified by ``locator``.</doc>
<msg timestamp="20220706 02:19:51.789" level="INFO">Clicking button 'id=confirmPolicyButton'.</msg>
<status status="PASS" starttime="20220706 02:19:51.789" endtime="20220706 02:19:51.897"/>
</kw>
<kw name="Sleep" library="BuiltIn">
<arg>1</arg>
<doc>Pauses the test executed for the given time.</doc>
<msg timestamp="20220706 02:19:52.901" level="INFO">Slept 1 second</msg>
<status status="PASS" starttime="20220706 02:19:51.897" endtime="20220706 02:19:52.901"/>
</kw>
<kw name="Wait Until Element Is Visible" library="SeleniumLibrary">
<arg>${PESQUISA}</arg>
<doc>Waits until the element ``locator`` is visible.</doc>
<status status="PASS" starttime="20220706 02:19:52.901" endtime="20220706 02:19:52.922"/>
</kw>
<kw name="Sleep" library="BuiltIn">
<arg>1</arg>
<doc>Pauses the test executed for the given time.</doc>
<msg timestamp="20220706 02:19:53.932" level="INFO">Slept 1 second</msg>
<status status="PASS" starttime="20220706 02:19:52.923" endtime="20220706 02:19:53.932"/>
</kw>
<kw name="Input Text" library="SeleniumLibrary">
<arg>${PESQUISA}</arg>
<arg>${NOME_PESQUISA_2}</arg>
<doc>Types the given ``text`` into the text field identified by ``locator``.</doc>
<msg timestamp="20220706 02:19:53.932" level="INFO">Typing text 'Amarelo é Desespero' into text field 'id=header-search-input-desktop'.</msg>
<status status="PASS" starttime="20220706 02:19:53.932" endtime="20220706 02:19:54.085"/>
</kw>
<kw name="Sleep" library="BuiltIn">
<arg>2</arg>
<doc>Pauses the test executed for the given time.</doc>
<msg timestamp="20220706 02:19:56.087" level="INFO">Slept 2 seconds</msg>
<status status="PASS" starttime="20220706 02:19:54.086" endtime="20220706 02:19:56.087"/>
</kw>
<kw name="Click Element" library="SeleniumLibrary">
<arg>${ABRIR_TODOS}</arg>
<doc>Click the element identified by ``locator``.</doc>
<msg timestamp="20220706 02:19:56.087" level="INFO">Clicking element 'xpath=//div[@id='header-search-desktop']/form/div/div/a'.</msg>
<status status="PASS" starttime="20220706 02:19:56.087" endtime="20220706 02:19:57.359"/>
</kw>
<kw name="Sleep" library="BuiltIn">
<arg>2</arg>
<doc>Pauses the test executed for the given time.</doc>
<msg timestamp="20220706 02:19:59.366" level="INFO">Slept 2 seconds</msg>
<status status="PASS" starttime="20220706 02:19:57.359" endtime="20220706 02:19:59.366"/>
</kw>
<kw name="Wait Until Element Is Visible" library="SeleniumLibrary">
<arg>${RESUL_PESQ}</arg>
<doc>Waits until the element ``locator`` is visible.</doc>
<status status="PASS" starttime="20220706 02:19:59.366" endtime="20220706 02:19:59.388"/>
</kw>
<kw name="Sleep" library="BuiltIn">
<arg>2</arg>
<doc>Pauses the test executed for the given time.</doc>
<msg timestamp="20220706 02:20:01.391" level="INFO">Slept 2 seconds</msg>
<status status="PASS" starttime="20220706 02:19:59.388" endtime="20220706 02:20:01.391"/>
</kw>
<kw name="Click Element" library="SeleniumLibrary">
<arg>${PESQUISA_1}</arg>
<doc>Click the element identified by ``locator``.</doc>
<msg timestamp="20220706 02:20:01.393" level="INFO">Clicking element 'css=.pos-absolute &gt; .entered:nth-child(1)'.</msg>
<status status="PASS" starttime="20220706 02:20:01.392" endtime="20220706 02:20:02.838"/>
</kw>
<kw name="Sleep" library="BuiltIn">
<arg>2</arg>
<doc>Pauses the test executed for the given time.</doc>
<msg timestamp="20220706 02:20:04.844" level="INFO">Slept 2 seconds</msg>
<status status="PASS" starttime="20220706 02:20:02.839" endtime="20220706 02:20:04.844"/>
</kw>
<kw name="Click Element" library="SeleniumLibrary">
<arg>${MODELAGEM}</arg>
<doc>Click the element identified by ``locator``.</doc>
<msg timestamp="20220706 02:20:04.846" level="INFO">Clicking element 'xpath=//div[@id='product-variations']/div/div/div[2]/div/nav'.</msg>
<status status="PASS" starttime="20220706 02:20:04.845" endtime="20220706 02:20:04.995"/>
</kw>
<kw name="Sleep" library="BuiltIn">
<arg>2</arg>
<doc>Pauses the test executed for the given time.</doc>
<msg timestamp="20220706 02:20:07.002" level="INFO">Slept 2 seconds</msg>
<status status="PASS" starttime="20220706 02:20:04.995" endtime="20220706 02:20:07.002"/>
</kw>
<kw name="Page Should Contain" library="SeleniumLibrary">
<arg>${CONTEM}</arg>
<doc>Verifies that current page contains ``text``.</doc>
<msg timestamp="20220706 02:20:07.017" level="INFO">Current page contains text 'R$ 69,99'.</msg>
<status status="PASS" starttime="20220706 02:20:07.002" endtime="20220706 02:20:07.017"/>
</kw>
<kw name="Sleep" library="BuiltIn">
<arg>2</arg>
<doc>Pauses the test executed for the given time.</doc>
<msg timestamp="20220706 02:20:09.028" level="INFO">Slept 2 seconds</msg>
<status status="PASS" starttime="20220706 02:20:07.017" endtime="20220706 02:20:09.028"/>
</kw>
<kw name="Click Element" library="SeleniumLibrary">
<arg>${TAMANHO}</arg>
<doc>Click the element identified by ``locator``.</doc>
<msg timestamp="20220706 02:20:09.028" level="INFO">Clicking element 'css=.cr-option-squared:nth-child(2)'.</msg>
<status status="PASS" starttime="20220706 02:20:09.028" endtime="20220706 02:20:09.073"/>
</kw>
<kw name="Sleep" library="BuiltIn">
<arg>2</arg>
<doc>Pauses the test executed for the given time.</doc>
<msg timestamp="20220706 02:20:11.076" level="INFO">Slept 2 seconds</msg>
<status status="PASS" starttime="20220706 02:20:09.073" endtime="20220706 02:20:11.076"/>
</kw>
<kw name="Click Element" library="SeleniumLibrary">
<arg>${COR_2}</arg>
<doc>Click the element identified by ``locator``.</doc>
<msg timestamp="20220706 02:20:11.076" level="INFO">Clicking element 'xpath=//div[@id='product-variations']/div/div/div[4]/nav/div/div'.</msg>
<status status="PASS" starttime="20220706 02:20:11.076" endtime="20220706 02:20:11.115"/>
</kw>
<kw name="Sleep" library="BuiltIn">
<arg>2</arg>
<doc>Pauses the test executed for the given time.</doc>
<msg timestamp="20220706 02:20:13.120" level="INFO">Slept 2 seconds</msg>
<status status="PASS" starttime="20220706 02:20:11.115" endtime="20220706 02:20:13.120"/>
</kw>
<kw name="Click Element" library="SeleniumLibrary">
<arg>${COMPRAR}</arg>
<doc>Click the element identified by ``locator``.</doc>
<msg timestamp="20220706 02:20:13.120" level="INFO">Clicking element 'xpath=//div[@id='product-buy-button-container']/button/span[2]'.</msg>
<status status="PASS" starttime="20220706 02:20:13.120" endtime="20220706 02:20:13.199"/>
</kw>
<kw name="Sleep" library="BuiltIn">
<arg>2</arg>
<doc>Pauses the test executed for the given time.</doc>
<msg timestamp="20220706 02:20:15.214" level="INFO">Slept 2 seconds</msg>
<status status="PASS" starttime="20220706 02:20:13.199" endtime="20220706 02:20:15.214"/>
</kw>
<kw name="Click Element" library="SeleniumLibrary">
<arg>${VER_SACOLA}</arg>
<doc>Click the element identified by ``locator``.</doc>
<msg timestamp="20220706 02:20:15.216" level="INFO">Clicking element 'xpath=//div[@id='header-cart-popover']/div/div[3]/a'.</msg>
<status status="PASS" starttime="20220706 02:20:15.215" endtime="20220706 02:20:16.073"/>
</kw>
<kw name="Sleep" library="BuiltIn">
<arg>2</arg>
<doc>Pauses the test executed for the given time.</doc>
<msg timestamp="20220706 02:20:18.076" level="INFO">Slept 2 seconds</msg>
<status status="PASS" starttime="20220706 02:20:16.073" endtime="20220706 02:20:18.076"/>
</kw>
<kw name="Page Should Contain" library="SeleniumLibrary">
<arg>${FRASE}</arg>
<doc>Verifies that current page contains ``text``.</doc>
<msg timestamp="20220706 02:20:18.129" level="INFO">Current page contains text 'Você está acumulando 1 ponto no cartão fidelidade! Ao acumular 10 pontos, você ganha R$50 em compras.'.</msg>
<status status="PASS" starttime="20220706 02:20:18.077" endtime="20220706 02:20:18.129"/>
</kw>
<kw name="Sleep" library="BuiltIn">
<arg>2</arg>
<doc>Pauses the test executed for the given time.</doc>
<msg timestamp="20220706 02:20:20.144" level="INFO">Slept 2 seconds</msg>
<status status="PASS" starttime="20220706 02:20:18.130" endtime="20220706 02:20:20.144"/>
</kw>
<kw name="Click Element" library="SeleniumLibrary">
<arg>${FECHAR_COMPRA}</arg>
<doc>Click the element identified by ``locator``.</doc>
<msg timestamp="20220706 02:20:20.145" level="INFO">Clicking element 'xpath=//div[@id='cart-finish']/button[2]'.</msg>
<status status="PASS" starttime="20220706 02:20:20.145" endtime="20220706 02:20:21.659"/>
</kw>
<kw name="Sleep" library="BuiltIn">
<arg>2</arg>
<doc>Pauses the test executed for the given time.</doc>
<msg timestamp="20220706 02:20:23.666" level="INFO">Slept 2 seconds</msg>
<status status="PASS" starttime="20220706 02:20:21.659" endtime="20220706 02:20:23.666"/>
</kw>
<kw name="Close Browser" library="SeleniumLibrary">
<doc>Closes the current browser.</doc>
<status status="PASS" starttime="20220706 02:20:23.667" endtime="20220706 02:20:25.892"/>
</kw>
<status status="PASS" starttime="20220706 02:19:43.442" endtime="20220706 02:20:25.892"/>
</kw>
<status status="PASS" starttime="20220706 02:19:43.441" endtime="20220706 02:20:25.894"/>
</test>
<test id="s1-t3" name="Processo de compra de uma camiseta &quot;Erarr é humano&quot; no site do Chico Rei" line="19">
<kw name="Compra da camiseta &quot;Erarr é humano&quot;" library="chico">
<kw name="Open Browser" library="SeleniumLibrary">
<arg>${SITE}</arg>
<arg>${NAVEGADOR}</arg>
<doc>Opens a new browser instance to the optional ``url``.</doc>
<msg timestamp="20220706 02:20:25.902" level="INFO">Opening browser 'Chrome' to base url 'https://chicorei.com/'.</msg>
<status status="PASS" starttime="20220706 02:20:25.901" endtime="20220706 02:20:31.234"/>
</kw>
<kw name="Sleep" library="BuiltIn">
<arg>1</arg>
<doc>Pauses the test executed for the given time.</doc>
<msg timestamp="20220706 02:20:32.238" level="INFO">Slept 1 second</msg>
<status status="PASS" starttime="20220706 02:20:31.234" endtime="20220706 02:20:32.238"/>
</kw>
<kw name="Click Button" library="SeleniumLibrary">
<arg>${CONFIRMAR}</arg>
<doc>Clicks the button identified by ``locator``.</doc>
<msg timestamp="20220706 02:20:32.240" level="INFO">Clicking button 'id=confirmPolicyButton'.</msg>
<status status="PASS" starttime="20220706 02:20:32.239" endtime="20220706 02:20:32.491"/>
</kw>
<kw name="Sleep" library="BuiltIn">
<arg>1</arg>
<doc>Pauses the test executed for the given time.</doc>
<msg timestamp="20220706 02:20:33.501" level="INFO">Slept 1 second</msg>
<status status="PASS" starttime="20220706 02:20:32.492" endtime="20220706 02:20:33.501"/>
</kw>
<kw name="Wait Until Element Is Visible" library="SeleniumLibrary">
<arg>${PESQUISA}</arg>
<doc>Waits until the element ``locator`` is visible.</doc>
<status status="PASS" starttime="20220706 02:20:33.502" endtime="20220706 02:20:33.569"/>
</kw>
<kw name="Sleep" library="BuiltIn">
<arg>1</arg>
<doc>Pauses the test executed for the given time.</doc>
<msg timestamp="20220706 02:20:34.573" level="INFO">Slept 1 second</msg>
<status status="PASS" starttime="20220706 02:20:33.569" endtime="20220706 02:20:34.573"/>
</kw>
<kw name="Input Text" library="SeleniumLibrary">
<arg>${PESQUISA}</arg>
<arg>${NOME_PESQUISA_3}</arg>
<doc>Types the given ``text`` into the text field identified by ``locator``.</doc>
<msg timestamp="20220706 02:20:34.573" level="INFO">Typing text 'Erarr' into text field 'id=header-search-input-desktop'.</msg>
<status status="PASS" starttime="20220706 02:20:34.573" endtime="20220706 02:20:34.655"/>
</kw>
<kw name="Sleep" library="BuiltIn">
<arg>2</arg>
<doc>Pauses the test executed for the given time.</doc>
<msg timestamp="20220706 02:20:36.658" level="INFO">Slept 2 seconds</msg>
<status status="PASS" starttime="20220706 02:20:34.655" endtime="20220706 02:20:36.658"/>
</kw>
<kw name="Click Element" library="SeleniumLibrary">
<arg>${ABRIR_TODOS}</arg>
<doc>Click the element identified by ``locator``.</doc>
<msg timestamp="20220706 02:20:36.658" level="INFO">Clicking element 'xpath=//div[@id='header-search-desktop']/form/div/div/a'.</msg>
<msg timestamp="20220706 02:20:38.525" level="INFO" html="true">&lt;/td&gt;&lt;/tr&gt;&lt;tr&gt;&lt;td colspan="3"&gt;&lt;a href="selenium-screenshot-53.png"&gt;&lt;img src="selenium-screenshot-53.png" width="800px"&gt;&lt;/a&gt;</msg>
<msg timestamp="20220706 02:20:38.525" level="FAIL">WebDriverException: Message: unknown error: cannot determine loading status
from unknown error: unexpected command response
  (Session info: chrome=103.0.5060.114)
Stacktrace:
Backtrace:
	Ordinal0 [0x00346463+2188387]
	Ordinal0 [0x002DE461+1762401]
	Ordinal0 [0x001F3D78+802168]
	Ordinal0 [0x001E7210+750096]
	Ordinal0 [0x001E675A+747354]
	Ordinal0 [0x001E5D3F+744767]
	Ordinal0 [0x001E4C28+740392]
	Ordinal0 [0x001E5228+741928]
	Ordinal0 [0x001EF153+782675]
	Ordinal0 [0x001F9FBB+827323]
	Ordinal0 [0x001FD310+840464]
	Ordinal0 [0x001E54F6+742646]
	Ordinal0 [0x001F9BF3+826355]
	Ordinal0 [0x0024CF6D+1167213]
	Ordinal0 [0x0023C5F6+1099254]
	Ordinal0 [0x00216BE0+945120]
	Ordinal0 [0x00217AD6+948950]
	GetHandleVerifier [0x005E71F2+2712546]
	GetHandleVerifier [0x005D886D+2652765]
	GetHandleVerifier [0x003D002A+520730]
	GetHandleVerifier [0x003CEE06+516086]
	Ordinal0 [0x002E468B+1787531]
	Ordinal0 [0x002E8E88+1805960]
	Ordinal0 [0x002E8F75+1806197]
	Ordinal0 [0x002F1DF1+1842673]
	BaseThreadInitThunk [0x769EFA29+25]
	RtlGetAppContainerNamedObjectPath [0x77A27A9E+286]
	RtlGetAppContainerNamedObjectPath [0x77A27A6E+238]
</msg>
<status status="FAIL" starttime="20220706 02:20:36.658" endtime="20220706 02:20:38.525"/>
</kw>
<kw name="Sleep" library="BuiltIn">
<arg>2</arg>
<doc>Pauses the test executed for the given time.</doc>
<status status="NOT RUN" starttime="20220706 02:20:38.526" endtime="20220706 02:20:38.526"/>
</kw>
<kw name="Wait Until Element Is Visible" library="SeleniumLibrary">
<arg>${RESUL_PESQ}</arg>
<doc>Waits until the element ``locator`` is visible.</doc>
<status status="NOT RUN" starttime="20220706 02:20:38.526" endtime="20220706 02:20:38.526"/>
</kw>
<kw name="Sleep" library="BuiltIn">
<arg>2</arg>
<doc>Pauses the test executed for the given time.</doc>
<status status="NOT RUN" starttime="20220706 02:20:38.526" endtime="20220706 02:20:38.526"/>
</kw>
<kw name="Click Element" library="SeleniumLibrary">
<arg>${PESQUISA_1}</arg>
<doc>Click the element identified by ``locator``.</doc>
<status status="NOT RUN" starttime="20220706 02:20:38.526" endtime="20220706 02:20:38.526"/>
</kw>
<kw name="Sleep" library="BuiltIn">
<arg>2</arg>
<doc>Pauses the test executed for the given time.</doc>
<status status="NOT RUN" starttime="20220706 02:20:38.526" endtime="20220706 02:20:38.526"/>
</kw>
<kw name="Click Element" library="SeleniumLibrary">
<arg>${MODELAGEM}</arg>
<doc>Click the element identified by ``locator``.</doc>
<status status="NOT RUN" starttime="20220706 02:20:38.526" endtime="20220706 02:20:38.526"/>
</kw>
<kw name="Sleep" library="BuiltIn">
<arg>2</arg>
<doc>Pauses the test executed for the given time.</doc>
<status status="NOT RUN" starttime="20220706 02:20:38.526" endtime="20220706 02:20:38.526"/>
</kw>
<kw name="Page Should Contain" library="SeleniumLibrary">
<arg>${CONTEM}</arg>
<doc>Verifies that current page contains ``text``.</doc>
<status status="NOT RUN" starttime="20220706 02:20:38.526" endtime="20220706 02:20:38.526"/>
</kw>
<kw name="Sleep" library="BuiltIn">
<arg>2</arg>
<doc>Pauses the test executed for the given time.</doc>
<status status="NOT RUN" starttime="20220706 02:20:38.526" endtime="20220706 02:20:38.526"/>
</kw>
<kw name="Click Element" library="SeleniumLibrary">
<arg>${TAMANHO}</arg>
<doc>Click the element identified by ``locator``.</doc>
<status status="NOT RUN" starttime="20220706 02:20:38.526" endtime="20220706 02:20:38.526"/>
</kw>
<kw name="Sleep" library="BuiltIn">
<arg>2</arg>
<doc>Pauses the test executed for the given time.</doc>
<status status="NOT RUN" starttime="20220706 02:20:38.527" endtime="20220706 02:20:38.527"/>
</kw>
<kw name="Click Element" library="SeleniumLibrary">
<arg>${COR_3}</arg>
<doc>Click the element identified by ``locator``.</doc>
<status status="NOT RUN" starttime="20220706 02:20:38.527" endtime="20220706 02:20:38.527"/>
</kw>
<kw name="Sleep" library="BuiltIn">
<arg>2</arg>
<doc>Pauses the test executed for the given time.</doc>
<status status="NOT RUN" starttime="20220706 02:20:38.527" endtime="20220706 02:20:38.527"/>
</kw>
<kw name="Click Element" library="SeleniumLibrary">
<arg>${COMPRAR}</arg>
<doc>Click the element identified by ``locator``.</doc>
<status status="NOT RUN" starttime="20220706 02:20:38.527" endtime="20220706 02:20:38.527"/>
</kw>
<kw name="Sleep" library="BuiltIn">
<arg>2</arg>
<doc>Pauses the test executed for the given time.</doc>
<status status="NOT RUN" starttime="20220706 02:20:38.527" endtime="20220706 02:20:38.527"/>
</kw>
<kw name="Click Element" library="SeleniumLibrary">
<arg>${VER_SACOLA}</arg>
<doc>Click the element identified by ``locator``.</doc>
<status status="NOT RUN" starttime="20220706 02:20:38.527" endtime="20220706 02:20:38.527"/>
</kw>
<kw name="Sleep" library="BuiltIn">
<arg>2</arg>
<doc>Pauses the test executed for the given time.</doc>
<status status="NOT RUN" starttime="20220706 02:20:38.528" endtime="20220706 02:20:38.528"/>
</kw>
<kw name="Page Should Contain" library="SeleniumLibrary">
<arg>${FRASE}</arg>
<doc>Verifies that current page contains ``text``.</doc>
<status status="NOT RUN" starttime="20220706 02:20:38.528" endtime="20220706 02:20:38.528"/>
</kw>
<kw name="Sleep" library="BuiltIn">
<arg>2</arg>
<doc>Pauses the test executed for the given time.</doc>
<status status="NOT RUN" starttime="20220706 02:20:38.528" endtime="20220706 02:20:38.528"/>
</kw>
<kw name="Click Element" library="SeleniumLibrary">
<arg>${FECHAR_COMPRA}</arg>
<doc>Click the element identified by ``locator``.</doc>
<status status="NOT RUN" starttime="20220706 02:20:38.528" endtime="20220706 02:20:38.528"/>
</kw>
<kw name="Sleep" library="BuiltIn">
<arg>2</arg>
<doc>Pauses the test executed for the given time.</doc>
<status status="NOT RUN" starttime="20220706 02:20:38.528" endtime="20220706 02:20:38.528"/>
</kw>
<kw name="Close Browser" library="SeleniumLibrary">
<doc>Closes the current browser.</doc>
<status status="NOT RUN" starttime="20220706 02:20:38.529" endtime="20220706 02:20:38.529"/>
</kw>
<status status="FAIL" starttime="20220706 02:20:25.900" endtime="20220706 02:20:38.529"/>
</kw>
<status status="FAIL" starttime="20220706 02:20:25.898" endtime="20220706 02:20:38.530">WebDriverException: Message: unknown error: cannot determine loading status
from unknown error: unexpected command response
  (Session info: chrome=103.0.5060.114)
Stacktrace:
Backtrace:
	Ordinal0 [0x00346463+2188387]
	Ordinal0 [0x002DE461+1762401]
	Ordinal0 [0x001F3D78+802168]
	Ordinal0 [0x001E7210+750096]
	Ordinal0 [0x001E675A+747354]
	Ordinal0 [0x001E5D3F+744767]
	Ordinal0 [0x001E4C28+740392]
	Ordinal0 [0x001E5228+741928]
	Ordinal0 [0x001EF153+782675]
	Ordinal0 [0x001F9FBB+827323]
	Ordinal0 [0x001FD310+840464]
	Ordinal0 [0x001E54F6+742646]
	Ordinal0 [0x001F9BF3+826355]
	Ordinal0 [0x0024CF6D+1167213]
	Ordinal0 [0x0023C5F6+1099254]
	Ordinal0 [0x00216BE0+945120]
	Ordinal0 [0x00217AD6+948950]
	GetHandleVerifier [0x005E71F2+2712546]
	GetHandleVerifier [0x005D886D+2652765]
	GetHandleVerifier [0x003D002A+520730]
	GetHandleVerifier [0x003CEE06+516086]
	Ordinal0 [0x002E468B+1787531]
	Ordinal0 [0x002E8E88+1805960]
	Ordinal0 [0x002E8F75+1806197]
	Ordinal0 [0x002F1DF1+1842673]
	BaseThreadInitThunk [0x769EFA29+25]
	RtlGetAppContainerNamedObjectPath [0x77A27A9E+286]
	RtlGetAppContainerNamedObjectPath [0x77A27A6E+238]
</status>
</test>
<test id="s1-t4" name="Processo de compra de uma camiseta &quot;Nem Te Vi&quot; no site do Chico Rei" line="23">
<kw name="Compra da camiseta &quot;Nem Te Vi&quot;" library="chico">
<kw name="Open Browser" library="SeleniumLibrary">
<arg>${SITE}</arg>
<arg>${NAVEGADOR}</arg>
<doc>Opens a new browser instance to the optional ``url``.</doc>
<msg timestamp="20220706 02:20:38.535" level="INFO">Opening browser 'Chrome' to base url 'https://chicorei.com/'.</msg>
<status status="PASS" starttime="20220706 02:20:38.534" endtime="20220706 02:20:44.173"/>
</kw>
<kw name="Sleep" library="BuiltIn">
<arg>1</arg>
<doc>Pauses the test executed for the given time.</doc>
<msg timestamp="20220706 02:20:45.175" level="INFO">Slept 1 second</msg>
<status status="PASS" starttime="20220706 02:20:44.173" endtime="20220706 02:20:45.175"/>
</kw>
<kw name="Click Button" library="SeleniumLibrary">
<arg>${CONFIRMAR}</arg>
<doc>Clicks the button identified by ``locator``.</doc>
<msg timestamp="20220706 02:20:45.175" level="INFO">Clicking button 'id=confirmPolicyButton'.</msg>
<status status="PASS" starttime="20220706 02:20:45.175" endtime="20220706 02:20:45.259"/>
</kw>
<kw name="Sleep" library="BuiltIn">
<arg>1</arg>
<doc>Pauses the test executed for the given time.</doc>
<msg timestamp="20220706 02:20:46.269" level="INFO">Slept 1 second</msg>
<status status="PASS" starttime="20220706 02:20:45.259" endtime="20220706 02:20:46.269"/>
</kw>
<kw name="Wait Until Element Is Visible" library="SeleniumLibrary">
<arg>${PESQUISA}</arg>
<doc>Waits until the element ``locator`` is visible.</doc>
<status status="PASS" starttime="20220706 02:20:46.269" endtime="20220706 02:20:46.291"/>
</kw>
<kw name="Sleep" library="BuiltIn">
<arg>1</arg>
<doc>Pauses the test executed for the given time.</doc>
<msg timestamp="20220706 02:20:47.300" level="INFO">Slept 1 second</msg>
<status status="PASS" starttime="20220706 02:20:46.291" endtime="20220706 02:20:47.300"/>
</kw>
<kw name="Input Text" library="SeleniumLibrary">
<arg>${PESQUISA}</arg>
<arg>${NOME_PESQUISA_4}</arg>
<doc>Types the given ``text`` into the text field identified by ``locator``.</doc>
<msg timestamp="20220706 02:20:47.300" level="INFO">Typing text 'Nem Te Vi' into text field 'id=header-search-input-desktop'.</msg>
<status status="PASS" starttime="20220706 02:20:47.300" endtime="20220706 02:20:47.420"/>
</kw>
<kw name="Sleep" library="BuiltIn">
<arg>2</arg>
<doc>Pauses the test executed for the given time.</doc>
<msg timestamp="20220706 02:20:49.423" level="INFO">Slept 2 seconds</msg>
<status status="PASS" starttime="20220706 02:20:47.421" endtime="20220706 02:20:49.423"/>
</kw>
<kw name="Click Element" library="SeleniumLibrary">
<arg>${ABRIR_TODOS}</arg>
<doc>Click the element identified by ``locator``.</doc>
<msg timestamp="20220706 02:20:49.423" level="INFO">Clicking element 'xpath=//div[@id='header-search-desktop']/form/div/div/a'.</msg>
<status status="PASS" starttime="20220706 02:20:49.423" endtime="20220706 02:20:52.500"/>
</kw>
<kw name="Sleep" library="BuiltIn">
<arg>2</arg>
<doc>Pauses the test executed for the given time.</doc>
<msg timestamp="20220706 02:20:54.507" level="INFO">Slept 2 seconds</msg>
<status status="PASS" starttime="20220706 02:20:52.500" endtime="20220706 02:20:54.507"/>
</kw>
<kw name="Wait Until Element Is Visible" library="SeleniumLibrary">
<arg>${RESUL_PESQ}</arg>
<doc>Waits until the element ``locator`` is visible.</doc>
<status status="PASS" starttime="20220706 02:20:54.507" endtime="20220706 02:20:54.579"/>
</kw>
<kw name="Sleep" library="BuiltIn">
<arg>2</arg>
<doc>Pauses the test executed for the given time.</doc>
<msg timestamp="20220706 02:20:56.589" level="INFO">Slept 2 seconds</msg>
<status status="PASS" starttime="20220706 02:20:54.579" endtime="20220706 02:20:56.590"/>
</kw>
<kw name="Click Element" library="SeleniumLibrary">
<arg>${PESQUISA_1}</arg>
<doc>Click the element identified by ``locator``.</doc>
<msg timestamp="20220706 02:20:56.591" level="INFO">Clicking element 'css=.pos-absolute &gt; .entered:nth-child(1)'.</msg>
<status status="PASS" starttime="20220706 02:20:56.590" endtime="20220706 02:20:57.528"/>
</kw>
<kw name="Sleep" library="BuiltIn">
<arg>2</arg>
<doc>Pauses the test executed for the given time.</doc>
<msg timestamp="20220706 02:20:59.543" level="INFO">Slept 2 seconds</msg>
<status status="PASS" starttime="20220706 02:20:57.528" endtime="20220706 02:20:59.543"/>
</kw>
<kw name="Click Element" library="SeleniumLibrary">
<arg>${MODELAGEM}</arg>
<doc>Click the element identified by ``locator``.</doc>
<msg timestamp="20220706 02:20:59.543" level="INFO">Clicking element 'xpath=//div[@id='product-variations']/div/div/div[2]/div/nav'.</msg>
<status status="PASS" starttime="20220706 02:20:59.543" endtime="20220706 02:20:59.618"/>
</kw>
<kw name="Sleep" library="BuiltIn">
<arg>2</arg>
<doc>Pauses the test executed for the given time.</doc>
<msg timestamp="20220706 02:21:01.622" level="INFO">Slept 2 seconds</msg>
<status status="PASS" starttime="20220706 02:20:59.618" endtime="20220706 02:21:01.622"/>
</kw>
<kw name="Page Should Contain" library="SeleniumLibrary">
<arg>${CONTEM}</arg>
<doc>Verifies that current page contains ``text``.</doc>
<msg timestamp="20220706 02:21:01.637" level="INFO">Current page contains text 'R$ 69,99'.</msg>
<status status="PASS" starttime="20220706 02:21:01.622" endtime="20220706 02:21:01.637"/>
</kw>
<kw name="Sleep" library="BuiltIn">
<arg>2</arg>
<doc>Pauses the test executed for the given time.</doc>
<msg timestamp="20220706 02:21:03.649" level="INFO">Slept 2 seconds</msg>
<status status="PASS" starttime="20220706 02:21:01.637" endtime="20220706 02:21:03.649"/>
</kw>
<kw name="Click Element" library="SeleniumLibrary">
<arg>${TAMANHO}</arg>
<doc>Click the element identified by ``locator``.</doc>
<msg timestamp="20220706 02:21:03.649" level="INFO">Clicking element 'css=.cr-option-squared:nth-child(2)'.</msg>
<status status="PASS" starttime="20220706 02:21:03.649" endtime="20220706 02:21:03.699"/>
</kw>
<kw name="Sleep" library="BuiltIn">
<arg>2</arg>
<doc>Pauses the test executed for the given time.</doc>
<msg timestamp="20220706 02:21:05.714" level="INFO">Slept 2 seconds</msg>
<status status="PASS" starttime="20220706 02:21:03.699" endtime="20220706 02:21:05.714"/>
</kw>
<kw name="Click Element" library="SeleniumLibrary">
<arg>${COR_4}</arg>
<doc>Click the element identified by ``locator``.</doc>
<msg timestamp="20220706 02:21:05.714" level="INFO">Clicking element 'xpath=//div[@id='product-variations']/div/div/div[4]/nav/div/div'.</msg>
<status status="PASS" starttime="20220706 02:21:05.714" endtime="20220706 02:21:05.758"/>
</kw>
<kw name="Sleep" library="BuiltIn">
<arg>2</arg>
<doc>Pauses the test executed for the given time.</doc>
<msg timestamp="20220706 02:21:07.760" level="INFO">Slept 2 seconds</msg>
<status status="PASS" starttime="20220706 02:21:05.758" endtime="20220706 02:21:07.760"/>
</kw>
<kw name="Click Element" library="SeleniumLibrary">
<arg>${COMPRAR}</arg>
<doc>Click the element identified by ``locator``.</doc>
<msg timestamp="20220706 02:21:07.760" level="INFO">Clicking element 'xpath=//div[@id='product-buy-button-container']/button/span[2]'.</msg>
<status status="PASS" starttime="20220706 02:21:07.760" endtime="20220706 02:21:07.853"/>
</kw>
<kw name="Sleep" library="BuiltIn">
<arg>2</arg>
<doc>Pauses the test executed for the given time.</doc>
<msg timestamp="20220706 02:21:09.853" level="INFO">Slept 2 seconds</msg>
<status status="PASS" starttime="20220706 02:21:07.853" endtime="20220706 02:21:09.853"/>
</kw>
<kw name="Click Element" library="SeleniumLibrary">
<arg>${VER_SACOLA}</arg>
<doc>Click the element identified by ``locator``.</doc>
<msg timestamp="20220706 02:21:09.855" level="INFO">Clicking element 'xpath=//div[@id='header-cart-popover']/div/div[3]/a'.</msg>
<status status="PASS" starttime="20220706 02:21:09.854" endtime="20220706 02:21:10.560"/>
</kw>
<kw name="Sleep" library="BuiltIn">
<arg>2</arg>
<doc>Pauses the test executed for the given time.</doc>
<msg timestamp="20220706 02:21:12.564" level="INFO">Slept 2 seconds</msg>
<status status="PASS" starttime="20220706 02:21:10.560" endtime="20220706 02:21:12.564"/>
</kw>
<kw name="Page Should Contain" library="SeleniumLibrary">
<arg>${FRASE}</arg>
<doc>Verifies that current page contains ``text``.</doc>
<msg timestamp="20220706 02:21:12.614" level="INFO">Current page contains text 'Você está acumulando 1 ponto no cartão fidelidade! Ao acumular 10 pontos, você ganha R$50 em compras.'.</msg>
<status status="PASS" starttime="20220706 02:21:12.565" endtime="20220706 02:21:12.614"/>
</kw>
<kw name="Sleep" library="BuiltIn">
<arg>2</arg>
<doc>Pauses the test executed for the given time.</doc>
<msg timestamp="20220706 02:21:14.626" level="INFO">Slept 2 seconds</msg>
<status status="PASS" starttime="20220706 02:21:12.615" endtime="20220706 02:21:14.626"/>
</kw>
<kw name="Click Element" library="SeleniumLibrary">
<arg>${FECHAR_COMPRA}</arg>
<doc>Click the element identified by ``locator``.</doc>
<msg timestamp="20220706 02:21:14.628" level="INFO">Clicking element 'xpath=//div[@id='cart-finish']/button[2]'.</msg>
<status status="PASS" starttime="20220706 02:21:14.627" endtime="20220706 02:21:15.532"/>
</kw>
<kw name="Sleep" library="BuiltIn">
<arg>2</arg>
<doc>Pauses the test executed for the given time.</doc>
<msg timestamp="20220706 02:21:17.543" level="INFO">Slept 2 seconds</msg>
<status status="PASS" starttime="20220706 02:21:15.532" endtime="20220706 02:21:17.543"/>
</kw>
<kw name="Close Browser" library="SeleniumLibrary">
<doc>Closes the current browser.</doc>
<status status="PASS" starttime="20220706 02:21:17.544" endtime="20220706 02:21:19.756"/>
</kw>
<status status="PASS" starttime="20220706 02:20:38.534" endtime="20220706 02:21:19.756"/>
</kw>
<status status="PASS" starttime="20220706 02:20:38.533" endtime="20220706 02:21:19.757"/>
</test>
<test id="s1-t5" name="Processo de compra de uma camiseta &quot;Alceu Dispor&quot; no site do Chico Rei" line="27">
<kw name="Compra da camiseta &quot;Alceu Dispor&quot;" library="chico">
<kw name="Open Browser" library="SeleniumLibrary">
<arg>${SITE}</arg>
<arg>${NAVEGADOR}</arg>
<doc>Opens a new browser instance to the optional ``url``.</doc>
<msg timestamp="20220706 02:21:19.762" level="INFO">Opening browser 'Chrome' to base url 'https://chicorei.com/'.</msg>
<status status="PASS" starttime="20220706 02:21:19.762" endtime="20220706 02:21:25.342"/>
</kw>
<kw name="Sleep" library="BuiltIn">
<arg>2</arg>
<doc>Pauses the test executed for the given time.</doc>
<msg timestamp="20220706 02:21:27.350" level="INFO">Slept 2 seconds</msg>
<status status="PASS" starttime="20220706 02:21:25.343" endtime="20220706 02:21:27.350"/>
</kw>
<kw name="Click Button" library="SeleniumLibrary">
<arg>${CONFIRMAR}</arg>
<doc>Clicks the button identified by ``locator``.</doc>
<msg timestamp="20220706 02:21:27.352" level="INFO">Clicking button 'id=confirmPolicyButton'.</msg>
<status status="PASS" starttime="20220706 02:21:27.351" endtime="20220706 02:21:27.501"/>
</kw>
<kw name="Sleep" library="BuiltIn">
<arg>2</arg>
<doc>Pauses the test executed for the given time.</doc>
<msg timestamp="20220706 02:21:29.509" level="INFO">Slept 2 seconds</msg>
<status status="PASS" starttime="20220706 02:21:27.501" endtime="20220706 02:21:29.509"/>
</kw>
<kw name="Wait Until Element Is Visible" library="SeleniumLibrary">
<arg>${PESQUISA}</arg>
<doc>Waits until the element ``locator`` is visible.</doc>
<status status="PASS" starttime="20220706 02:21:29.509" endtime="20220706 02:21:29.528"/>
</kw>
<kw name="Sleep" library="BuiltIn">
<arg>2</arg>
<doc>Pauses the test executed for the given time.</doc>
<msg timestamp="20220706 02:21:31.534" level="INFO">Slept 2 seconds</msg>
<status status="PASS" starttime="20220706 02:21:29.528" endtime="20220706 02:21:31.534"/>
</kw>
<kw name="Input Text" library="SeleniumLibrary">
<arg>${PESQUISA}</arg>
<arg>${NOME_PESQUISA_5}</arg>
<doc>Types the given ``text`` into the text field identified by ``locator``.</doc>
<msg timestamp="20220706 02:21:31.534" level="INFO">Typing text 'Alceu Dispor' into text field 'id=header-search-input-desktop'.</msg>
<status status="PASS" starttime="20220706 02:21:31.534" endtime="20220706 02:21:31.657"/>
</kw>
<kw name="Sleep" library="BuiltIn">
<arg>2</arg>
<doc>Pauses the test executed for the given time.</doc>
<msg timestamp="20220706 02:21:33.657" level="INFO">Slept 2 seconds</msg>
<status status="PASS" starttime="20220706 02:21:31.657" endtime="20220706 02:21:33.657"/>
</kw>
<kw name="Click Element" library="SeleniumLibrary">
<arg>${ABRIR_TODOS}</arg>
<doc>Click the element identified by ``locator``.</doc>
<msg timestamp="20220706 02:21:33.658" level="INFO">Clicking element 'xpath=//div[@id='header-search-desktop']/form/div/div/a'.</msg>
<status status="PASS" starttime="20220706 02:21:33.657" endtime="20220706 02:21:35.151"/>
</kw>
<kw name="Sleep" library="BuiltIn">
<arg>2</arg>
<doc>Pauses the test executed for the given time.</doc>
<msg timestamp="20220706 02:21:37.161" level="INFO">Slept 2 seconds</msg>
<status status="PASS" starttime="20220706 02:21:35.151" endtime="20220706 02:21:37.161"/>
</kw>
<kw name="Wait Until Element Is Visible" library="SeleniumLibrary">
<arg>${RESUL_PESQ}</arg>
<doc>Waits until the element ``locator`` is visible.</doc>
<status status="PASS" starttime="20220706 02:21:37.161" endtime="20220706 02:21:37.183"/>
</kw>
<kw name="Sleep" library="BuiltIn">
<arg>2</arg>
<doc>Pauses the test executed for the given time.</doc>
<msg timestamp="20220706 02:21:39.187" level="INFO">Slept 2 seconds</msg>
<status status="PASS" starttime="20220706 02:21:37.183" endtime="20220706 02:21:39.187"/>
</kw>
<kw name="Click Element" library="SeleniumLibrary">
<arg>${PESQUISA_1}</arg>
<doc>Click the element identified by ``locator``.</doc>
<msg timestamp="20220706 02:21:39.189" level="INFO">Clicking element 'css=.pos-absolute &gt; .entered:nth-child(1)'.</msg>
<status status="PASS" starttime="20220706 02:21:39.188" endtime="20220706 02:21:40.366"/>
</kw>
<kw name="Sleep" library="BuiltIn">
<arg>2</arg>
<doc>Pauses the test executed for the given time.</doc>
<msg timestamp="20220706 02:21:42.368" level="INFO">Slept 2 seconds</msg>
<status status="PASS" starttime="20220706 02:21:40.366" endtime="20220706 02:21:42.368"/>
</kw>
<kw name="Click Element" library="SeleniumLibrary">
<arg>${MODELAGEM}</arg>
<doc>Click the element identified by ``locator``.</doc>
<msg timestamp="20220706 02:21:42.368" level="INFO">Clicking element 'xpath=//div[@id='product-variations']/div/div/div[2]/div/nav'.</msg>
<status status="PASS" starttime="20220706 02:21:42.368" endtime="20220706 02:21:42.426"/>
</kw>
<kw name="Sleep" library="BuiltIn">
<arg>2</arg>
<doc>Pauses the test executed for the given time.</doc>
<msg timestamp="20220706 02:21:44.431" level="INFO">Slept 2 seconds</msg>
<status status="PASS" starttime="20220706 02:21:42.427" endtime="20220706 02:21:44.431"/>
</kw>
<kw name="Page Should Contain" library="SeleniumLibrary">
<arg>${CONTEM}</arg>
<doc>Verifies that current page contains ``text``.</doc>
<msg timestamp="20220706 02:21:44.447" level="INFO">Current page contains text 'R$ 69,99'.</msg>
<status status="PASS" starttime="20220706 02:21:44.431" endtime="20220706 02:21:44.447"/>
</kw>
<kw name="Sleep" library="BuiltIn">
<arg>2</arg>
<doc>Pauses the test executed for the given time.</doc>
<msg timestamp="20220706 02:21:46.456" level="INFO">Slept 2 seconds</msg>
<status status="PASS" starttime="20220706 02:21:44.448" endtime="20220706 02:21:46.456"/>
</kw>
<kw name="Click Element" library="SeleniumLibrary">
<arg>${TAMANHO}</arg>
<doc>Click the element identified by ``locator``.</doc>
<msg timestamp="20220706 02:21:46.456" level="INFO">Clicking element 'css=.cr-option-squared:nth-child(2)'.</msg>
<status status="PASS" starttime="20220706 02:21:46.456" endtime="20220706 02:21:46.508"/>
</kw>
<kw name="Sleep" library="BuiltIn">
<arg>2</arg>
<doc>Pauses the test executed for the given time.</doc>
<msg timestamp="20220706 02:21:48.510" level="INFO">Slept 2 seconds</msg>
<status status="PASS" starttime="20220706 02:21:46.508" endtime="20220706 02:21:48.510"/>
</kw>
<kw name="Click Element" library="SeleniumLibrary">
<arg>${COR_5}</arg>
<doc>Click the element identified by ``locator``.</doc>
<msg timestamp="20220706 02:21:48.511" level="INFO">Clicking element 'xpath=//div[@id='product-variations']/div/div/div[4]/nav/div[2]/div'.</msg>
<status status="PASS" starttime="20220706 02:21:48.510" endtime="20220706 02:21:48.559"/>
</kw>
<kw name="Sleep" library="BuiltIn">
<arg>2</arg>
<doc>Pauses the test executed for the given time.</doc>
<msg timestamp="20220706 02:21:50.569" level="INFO">Slept 2 seconds</msg>
<status status="PASS" starttime="20220706 02:21:48.560" endtime="20220706 02:21:50.569"/>
</kw>
<kw name="Click Element" library="SeleniumLibrary">
<arg>${COMPRAR}</arg>
<doc>Click the element identified by ``locator``.</doc>
<msg timestamp="20220706 02:21:50.569" level="INFO">Clicking element 'xpath=//div[@id='product-buy-button-container']/button/span[2]'.</msg>
<status status="PASS" starttime="20220706 02:21:50.569" endtime="20220706 02:21:50.709"/>
</kw>
<kw name="Sleep" library="BuiltIn">
<arg>2</arg>
<doc>Pauses the test executed for the given time.</doc>
<msg timestamp="20220706 02:21:52.721" level="INFO">Slept 2 seconds</msg>
<status status="PASS" starttime="20220706 02:21:50.709" endtime="20220706 02:21:52.721"/>
</kw>
<kw name="Click Element" library="SeleniumLibrary">
<arg>${VER_SACOLA}</arg>
<doc>Click the element identified by ``locator``.</doc>
<msg timestamp="20220706 02:21:52.721" level="INFO">Clicking element 'xpath=//div[@id='header-cart-popover']/div/div[3]/a'.</msg>
<status status="PASS" starttime="20220706 02:21:52.721" endtime="20220706 02:21:53.395"/>
</kw>
<kw name="Sleep" library="BuiltIn">
<arg>2</arg>
<doc>Pauses the test executed for the given time.</doc>
<msg timestamp="20220706 02:21:55.398" level="INFO">Slept 2 seconds</msg>
<status status="PASS" starttime="20220706 02:21:53.395" endtime="20220706 02:21:55.398"/>
</kw>
<kw name="Page Should Contain" library="SeleniumLibrary">
<arg>${FRASE}</arg>
<doc>Verifies that current page contains ``text``.</doc>
<msg timestamp="20220706 02:21:55.453" level="INFO">Current page contains text 'Você está acumulando 1 ponto no cartão fidelidade! Ao acumular 10 pontos, você ganha R$50 em compras.'.</msg>
<status status="PASS" starttime="20220706 02:21:55.399" endtime="20220706 02:21:55.453"/>
</kw>
<kw name="Sleep" library="BuiltIn">
<arg>2</arg>
<doc>Pauses the test executed for the given time.</doc>
<msg timestamp="20220706 02:21:57.459" level="INFO">Slept 2 seconds</msg>
<status status="PASS" starttime="20220706 02:21:55.453" endtime="20220706 02:21:57.459"/>
</kw>
<kw name="Click Element" library="SeleniumLibrary">
<arg>${FECHAR_COMPRA}</arg>
<doc>Click the element identified by ``locator``.</doc>
<msg timestamp="20220706 02:21:57.460" level="INFO">Clicking element 'xpath=//div[@id='cart-finish']/button[2]'.</msg>
<status status="PASS" starttime="20220706 02:21:57.459" endtime="20220706 02:21:58.615"/>
</kw>
<kw name="Sleep" library="BuiltIn">
<arg>2</arg>
<doc>Pauses the test executed for the given time.</doc>
<msg timestamp="20220706 02:22:00.618" level="INFO">Slept 2 seconds</msg>
<status status="PASS" starttime="20220706 02:21:58.615" endtime="20220706 02:22:00.618"/>
</kw>
<kw name="Close Browser" library="SeleniumLibrary">
<doc>Closes the current browser.</doc>
<status status="PASS" starttime="20220706 02:22:00.618" endtime="20220706 02:22:02.846"/>
</kw>
<status status="PASS" starttime="20220706 02:21:19.761" endtime="20220706 02:22:02.846"/>
</kw>
<status status="PASS" starttime="20220706 02:21:19.760" endtime="20220706 02:22:02.847"/>
</test>
<status status="FAIL" starttime="20220706 02:19:26.703" endtime="20220706 02:22:02.850"/>
</suite>
<statistics>
<total>
<stat pass="3" fail="2" skip="0">All Tests</stat>
</total>
<tag>
</tag>
<suite>
<stat pass="3" fail="2" skip="0" id="s1" name="Chico">Chico</stat>
</suite>
</statistics>
<errors>
</errors>
</robot>
