<?xml version="1.0" encoding="UTF-8"?>
<robot generator="Robot 5.0.1 (Python 3.10.3 on win32)" generated="20220706 01:25:49.809" rpa="false" schemaversion="3">
<suite id="s1" name="Chico" source="C:\Users\Vini\Desktop\ProvaTest\Chico.robot">
<test id="s1-t1" name="Processo de compra de uma camiseta &quot;Vira lata caramelo&quot; no site do Chico Rei" line="9">
<kw name="Compra da camiseta &quot;Vira lata caramelo&quot;" library="chico">
<kw name="Open Browser" library="SeleniumLibrary">
<arg>${SITE}</arg>
<arg>${NAVEGADOR}</arg>
<doc>Opens a new browser instance to the optional ``url``.</doc>
<msg timestamp="20220706 01:25:50.045" level="INFO">Opening browser 'Chrome' to base url 'https://chicorei.com/'.</msg>
<status status="PASS" starttime="20220706 01:25:50.045" endtime="20220706 01:25:56.814"/>
</kw>
<kw name="Sleep" library="BuiltIn">
<arg>2</arg>
<doc>Pauses the test executed for the given time.</doc>
<msg timestamp="20220706 01:25:58.818" level="INFO">Slept 2 seconds</msg>
<status status="PASS" starttime="20220706 01:25:56.814" endtime="20220706 01:25:58.818"/>
</kw>
<kw name="Click Button" library="SeleniumLibrary">
<arg>${CONFIRMAR}</arg>
<doc>Clicks the button identified by ``locator``.</doc>
<msg timestamp="20220706 01:25:58.818" level="INFO">Clicking button 'id=confirmPolicyButton'.</msg>
<status status="PASS" starttime="20220706 01:25:58.818" endtime="20220706 01:25:58.899"/>
</kw>
<kw name="Sleep" library="BuiltIn">
<arg>2</arg>
<doc>Pauses the test executed for the given time.</doc>
<msg timestamp="20220706 01:26:00.902" level="INFO">Slept 2 seconds</msg>
<status status="PASS" starttime="20220706 01:25:58.900" endtime="20220706 01:26:00.902"/>
</kw>
<kw name="Wait Until Element Is Visible" library="SeleniumLibrary">
<arg>${PESQUISA}</arg>
<doc>Waits until the element ``locator`` is visible.</doc>
<status status="PASS" starttime="20220706 01:26:00.902" endtime="20220706 01:26:00.923"/>
</kw>
<kw name="Sleep" library="BuiltIn">
<arg>2</arg>
<doc>Pauses the test executed for the given time.</doc>
<msg timestamp="20220706 01:26:02.929" level="INFO">Slept 2 seconds</msg>
<status status="PASS" starttime="20220706 01:26:00.923" endtime="20220706 01:26:02.929"/>
</kw>
<kw name="Input Text" library="SeleniumLibrary">
<arg>${PESQUISA}</arg>
<arg>${NOME_PESQUISA_1}</arg>
<doc>Types the given ``text`` into the text field identified by ``locator``.</doc>
<msg timestamp="20220706 01:26:02.929" level="INFO">Typing text 'Vira lata caramelo' into text field 'id=header-search-input-desktop'.</msg>
<status status="PASS" starttime="20220706 01:26:02.929" endtime="20220706 01:26:03.048"/>
</kw>
<kw name="Sleep" library="BuiltIn">
<arg>2</arg>
<doc>Pauses the test executed for the given time.</doc>
<msg timestamp="20220706 01:26:05.064" level="INFO">Slept 2 seconds</msg>
<status status="PASS" starttime="20220706 01:26:03.048" endtime="20220706 01:26:05.064"/>
</kw>
<kw name="Click Element" library="SeleniumLibrary">
<arg>${ABRIR_TODOS}</arg>
<doc>Click the element identified by ``locator``.</doc>
<msg timestamp="20220706 01:26:05.065" level="INFO">Clicking element 'xpath=//div[@id='header-search-desktop']/form/div/div/a'.</msg>
<status status="PASS" starttime="20220706 01:26:05.065" endtime="20220706 01:26:06.305"/>
</kw>
<kw name="Sleep" library="BuiltIn">
<arg>2</arg>
<doc>Pauses the test executed for the given time.</doc>
<msg timestamp="20220706 01:26:08.321" level="INFO">Slept 2 seconds</msg>
<status status="PASS" starttime="20220706 01:26:06.306" endtime="20220706 01:26:08.321"/>
</kw>
<kw name="Wait Until Element Is Visible" library="SeleniumLibrary">
<arg>${RESUL_PESQ}</arg>
<doc>Waits until the element ``locator`` is visible.</doc>
<status status="PASS" starttime="20220706 01:26:08.321" endtime="20220706 01:26:08.364"/>
</kw>
<kw name="Sleep" library="BuiltIn">
<arg>2</arg>
<doc>Pauses the test executed for the given time.</doc>
<msg timestamp="20220706 01:26:10.366" level="INFO">Slept 2 seconds</msg>
<status status="PASS" starttime="20220706 01:26:08.364" endtime="20220706 01:26:10.366"/>
</kw>
<kw name="Click Element" library="SeleniumLibrary">
<arg>${PESQUISA_1}</arg>
<doc>Click the element identified by ``locator``.</doc>
<msg timestamp="20220706 01:26:10.367" level="INFO">Clicking element 'css=.pos-absolute &gt; .entered:nth-child(1)'.</msg>
<status status="PASS" starttime="20220706 01:26:10.366" endtime="20220706 01:26:12.398"/>
</kw>
<kw name="Sleep" library="BuiltIn">
<arg>2</arg>
<doc>Pauses the test executed for the given time.</doc>
<msg timestamp="20220706 01:26:14.401" level="INFO">Slept 2 seconds</msg>
<status status="PASS" starttime="20220706 01:26:12.398" endtime="20220706 01:26:14.401"/>
</kw>
<kw name="Click Element" library="SeleniumLibrary">
<arg>${MODELAGEM}</arg>
<doc>Click the element identified by ``locator``.</doc>
<msg timestamp="20220706 01:26:14.401" level="INFO">Clicking element 'xpath=//div[@id='product-variations']/div/div/div[2]/div/nav'.</msg>
<status status="PASS" starttime="20220706 01:26:14.401" endtime="20220706 01:26:14.467"/>
</kw>
<kw name="Sleep" library="BuiltIn">
<arg>2</arg>
<doc>Pauses the test executed for the given time.</doc>
<msg timestamp="20220706 01:26:16.478" level="INFO">Slept 2 seconds</msg>
<status status="PASS" starttime="20220706 01:26:14.467" endtime="20220706 01:26:16.478"/>
</kw>
<kw name="Page Should Contain" library="SeleniumLibrary">
<arg>${CONTEM}</arg>
<doc>Verifies that current page contains ``text``.</doc>
<msg timestamp="20220706 01:26:16.494" level="INFO">Current page contains text 'R$ 69,99'.</msg>
<status status="PASS" starttime="20220706 01:26:16.478" endtime="20220706 01:26:16.494"/>
</kw>
<kw name="Sleep" library="BuiltIn">
<arg>2</arg>
<doc>Pauses the test executed for the given time.</doc>
<msg timestamp="20220706 01:26:18.508" level="INFO">Slept 2 seconds</msg>
<status status="PASS" starttime="20220706 01:26:16.494" endtime="20220706 01:26:18.508"/>
</kw>
<kw name="Click Element" library="SeleniumLibrary">
<arg>${TAMANHO}</arg>
<doc>Click the element identified by ``locator``.</doc>
<msg timestamp="20220706 01:26:18.508" level="INFO">Clicking element 'css=.cr-option-squared:nth-child(2)'.</msg>
<status status="PASS" starttime="20220706 01:26:18.508" endtime="20220706 01:26:18.552"/>
</kw>
<kw name="Sleep" library="BuiltIn">
<arg>2</arg>
<doc>Pauses the test executed for the given time.</doc>
<msg timestamp="20220706 01:26:20.555" level="INFO">Slept 2 seconds</msg>
<status status="PASS" starttime="20220706 01:26:18.552" endtime="20220706 01:26:20.555"/>
</kw>
<kw name="Click Element" library="SeleniumLibrary">
<arg>${COR_1}</arg>
<doc>Click the element identified by ``locator``.</doc>
<msg timestamp="20220706 01:26:20.555" level="INFO">Clicking element 'xpath=//div[@id='product-variations']/div/div/div[4]/nav/div/div'.</msg>
<status status="PASS" starttime="20220706 01:26:20.555" endtime="20220706 01:26:20.610"/>
</kw>
<kw name="Sleep" library="BuiltIn">
<arg>2</arg>
<doc>Pauses the test executed for the given time.</doc>
<msg timestamp="20220706 01:26:22.621" level="INFO">Slept 2 seconds</msg>
<status status="PASS" starttime="20220706 01:26:20.610" endtime="20220706 01:26:22.621"/>
</kw>
<kw name="Click Element" library="SeleniumLibrary">
<arg>${COMPRAR}</arg>
<doc>Click the element identified by ``locator``.</doc>
<msg timestamp="20220706 01:26:22.622" level="INFO">Clicking element 'xpath=//div[@id='product-buy-button-container']/button/span[2]'.</msg>
<status status="PASS" starttime="20220706 01:26:22.621" endtime="20220706 01:26:22.744"/>
</kw>
<kw name="Sleep" library="BuiltIn">
<arg>2</arg>
<doc>Pauses the test executed for the given time.</doc>
<msg timestamp="20220706 01:26:24.752" level="INFO">Slept 2 seconds</msg>
<status status="PASS" starttime="20220706 01:26:22.745" endtime="20220706 01:26:24.752"/>
</kw>
<kw name="Click Element" library="SeleniumLibrary">
<arg>${VER_SACOLA}</arg>
<doc>Click the element identified by ``locator``.</doc>
<msg timestamp="20220706 01:26:24.752" level="INFO">Clicking element 'xpath=//div[@id='header-cart-popover']/div/div[3]/a'.</msg>
<status status="PASS" starttime="20220706 01:26:24.752" endtime="20220706 01:26:25.581"/>
</kw>
<kw name="Sleep" library="BuiltIn">
<arg>2</arg>
<doc>Pauses the test executed for the given time.</doc>
<msg timestamp="20220706 01:26:27.593" level="INFO">Slept 2 seconds</msg>
<status status="PASS" starttime="20220706 01:26:25.581" endtime="20220706 01:26:27.593"/>
</kw>
<kw name="Page Should Contain" library="SeleniumLibrary">
<arg>${FRASE}</arg>
<doc>Verifies that current page contains ``text``.</doc>
<msg timestamp="20220706 01:26:27.627" level="INFO">Current page contains text 'Você está acumulando 1 ponto no cartão fidelidade! Ao acumular 10 pontos, você ganha R$50 em compras.'.</msg>
<status status="PASS" starttime="20220706 01:26:27.593" endtime="20220706 01:26:27.627"/>
</kw>
<kw name="Sleep" library="BuiltIn">
<arg>2</arg>
<doc>Pauses the test executed for the given time.</doc>
<msg timestamp="20220706 01:26:29.629" level="INFO">Slept 2 seconds</msg>
<status status="PASS" starttime="20220706 01:26:27.627" endtime="20220706 01:26:29.629"/>
</kw>
<kw name="Click Element" library="SeleniumLibrary">
<arg>${FECHAR_COMPRA}</arg>
<doc>Click the element identified by ``locator``.</doc>
<msg timestamp="20220706 01:26:29.630" level="INFO">Clicking element 'xpath=//div[@id='cart-finish']/button[2]'.</msg>
<status status="PASS" starttime="20220706 01:26:29.630" endtime="20220706 01:26:30.675"/>
</kw>
<kw name="Sleep" library="BuiltIn">
<arg>2</arg>
<doc>Pauses the test executed for the given time.</doc>
<msg timestamp="20220706 01:26:32.679" level="INFO">Slept 2 seconds</msg>
<status status="PASS" starttime="20220706 01:26:30.676" endtime="20220706 01:26:32.679"/>
</kw>
<kw name="Close Browser" library="SeleniumLibrary">
<doc>Closes the current browser.</doc>
<status status="PASS" starttime="20220706 01:26:32.679" endtime="20220706 01:26:34.866"/>
</kw>
<status status="PASS" starttime="20220706 01:25:50.045" endtime="20220706 01:26:34.866"/>
</kw>
<status status="PASS" starttime="20220706 01:25:50.044" endtime="20220706 01:26:34.868"/>
</test>
<test id="s1-t2" name="Processo de compra de uma camiseta &quot; Amarelo é Desespero&quot; no site do Chico Rei" line="13">
<kw name="Compra da camiseta &quot;Amarelo é Desespero&quot;" library="chico">
<kw name="Open Browser" library="SeleniumLibrary">
<arg>${SITE}</arg>
<arg>${NAVEGADOR}</arg>
<doc>Opens a new browser instance to the optional ``url``.</doc>
<msg timestamp="20220706 01:26:34.875" level="INFO">Opening browser 'Chrome' to base url 'https://chicorei.com/'.</msg>
<status status="PASS" starttime="20220706 01:26:34.874" endtime="20220706 01:26:41.366"/>
</kw>
<kw name="Sleep" library="BuiltIn">
<arg>1</arg>
<doc>Pauses the test executed for the given time.</doc>
<msg timestamp="20220706 01:26:42.380" level="INFO">Slept 1 second</msg>
<status status="PASS" starttime="20220706 01:26:41.366" endtime="20220706 01:26:42.380"/>
</kw>
<kw name="Click Button" library="SeleniumLibrary">
<arg>${CONFIRMAR}</arg>
<doc>Clicks the button identified by ``locator``.</doc>
<msg timestamp="20220706 01:26:42.381" level="INFO">Clicking button 'id=confirmPolicyButton'.</msg>
<status status="PASS" starttime="20220706 01:26:42.380" endtime="20220706 01:26:42.482"/>
</kw>
<kw name="Sleep" library="BuiltIn">
<arg>1</arg>
<doc>Pauses the test executed for the given time.</doc>
<msg timestamp="20220706 01:26:43.489" level="INFO">Slept 1 second</msg>
<status status="PASS" starttime="20220706 01:26:42.482" endtime="20220706 01:26:43.489"/>
</kw>
<kw name="Wait Until Element Is Visible" library="SeleniumLibrary">
<arg>${PESQUISA}</arg>
<doc>Waits until the element ``locator`` is visible.</doc>
<status status="PASS" starttime="20220706 01:26:43.489" endtime="20220706 01:26:43.514"/>
</kw>
<kw name="Sleep" library="BuiltIn">
<arg>1</arg>
<doc>Pauses the test executed for the given time.</doc>
<msg timestamp="20220706 01:26:44.522" level="INFO">Slept 1 second</msg>
<status status="PASS" starttime="20220706 01:26:43.514" endtime="20220706 01:26:44.522"/>
</kw>
<kw name="Input Text" library="SeleniumLibrary">
<arg>${PESQUISA}</arg>
<arg>${NOME_PESQUISA_2}</arg>
<doc>Types the given ``text`` into the text field identified by ``locator``.</doc>
<msg timestamp="20220706 01:26:44.522" level="INFO">Typing text 'Amarelo é Desespero' into text field 'id=header-search-input-desktop'.</msg>
<status status="PASS" starttime="20220706 01:26:44.522" endtime="20220706 01:26:44.667"/>
</kw>
<kw name="Sleep" library="BuiltIn">
<arg>2</arg>
<doc>Pauses the test executed for the given time.</doc>
<msg timestamp="20220706 01:26:46.677" level="INFO">Slept 2 seconds</msg>
<status status="PASS" starttime="20220706 01:26:44.667" endtime="20220706 01:26:46.677"/>
</kw>
<kw name="Click Element" library="SeleniumLibrary">
<arg>${ABRIR_TODOS}</arg>
<doc>Click the element identified by ``locator``.</doc>
<msg timestamp="20220706 01:26:46.677" level="INFO">Clicking element 'xpath=//div[@id='header-search-desktop']/form/div/div/a'.</msg>
<status status="PASS" starttime="20220706 01:26:46.677" endtime="20220706 01:26:47.738"/>
</kw>
<kw name="Sleep" library="BuiltIn">
<arg>2</arg>
<doc>Pauses the test executed for the given time.</doc>
<msg timestamp="20220706 01:26:49.739" level="INFO">Slept 2 seconds</msg>
<status status="PASS" starttime="20220706 01:26:47.738" endtime="20220706 01:26:49.739"/>
</kw>
<kw name="Wait Until Element Is Visible" library="SeleniumLibrary">
<arg>${RESUL_PESQ}</arg>
<doc>Waits until the element ``locator`` is visible.</doc>
<status status="PASS" starttime="20220706 01:26:49.739" endtime="20220706 01:26:49.762"/>
</kw>
<kw name="Sleep" library="BuiltIn">
<arg>2</arg>
<doc>Pauses the test executed for the given time.</doc>
<msg timestamp="20220706 01:26:51.773" level="INFO">Slept 2 seconds</msg>
<status status="PASS" starttime="20220706 01:26:49.762" endtime="20220706 01:26:51.773"/>
</kw>
<kw name="Click Element" library="SeleniumLibrary">
<arg>${PESQUISA_1}</arg>
<doc>Click the element identified by ``locator``.</doc>
<msg timestamp="20220706 01:26:51.774" level="INFO">Clicking element 'css=.pos-absolute &gt; .entered:nth-child(1)'.</msg>
<status status="PASS" starttime="20220706 01:26:51.773" endtime="20220706 01:26:52.919"/>
</kw>
<kw name="Sleep" library="BuiltIn">
<arg>2</arg>
<doc>Pauses the test executed for the given time.</doc>
<msg timestamp="20220706 01:26:54.932" level="INFO">Slept 2 seconds</msg>
<status status="PASS" starttime="20220706 01:26:52.919" endtime="20220706 01:26:54.932"/>
</kw>
<kw name="Click Element" library="SeleniumLibrary">
<arg>${MODELAGEM}</arg>
<doc>Click the element identified by ``locator``.</doc>
<msg timestamp="20220706 01:26:54.934" level="INFO">Clicking element 'xpath=//div[@id='product-variations']/div/div/div[2]/div/nav'.</msg>
<status status="PASS" starttime="20220706 01:26:54.932" endtime="20220706 01:26:55.026"/>
</kw>
<kw name="Sleep" library="BuiltIn">
<arg>2</arg>
<doc>Pauses the test executed for the given time.</doc>
<msg timestamp="20220706 01:26:57.037" level="INFO">Slept 2 seconds</msg>
<status status="PASS" starttime="20220706 01:26:55.026" endtime="20220706 01:26:57.037"/>
</kw>
<kw name="Page Should Contain" library="SeleniumLibrary">
<arg>${CONTEM}</arg>
<doc>Verifies that current page contains ``text``.</doc>
<msg timestamp="20220706 01:26:57.053" level="INFO">Current page contains text 'R$ 69,99'.</msg>
<status status="PASS" starttime="20220706 01:26:57.037" endtime="20220706 01:26:57.053"/>
</kw>
<kw name="Sleep" library="BuiltIn">
<arg>2</arg>
<doc>Pauses the test executed for the given time.</doc>
<msg timestamp="20220706 01:26:59.067" level="INFO">Slept 2 seconds</msg>
<status status="PASS" starttime="20220706 01:26:57.054" endtime="20220706 01:26:59.067"/>
</kw>
<kw name="Click Element" library="SeleniumLibrary">
<arg>${TAMANHO}</arg>
<doc>Click the element identified by ``locator``.</doc>
<msg timestamp="20220706 01:26:59.067" level="INFO">Clicking element 'css=.cr-option-squared:nth-child(2)'.</msg>
<status status="PASS" starttime="20220706 01:26:59.067" endtime="20220706 01:26:59.116"/>
</kw>
<kw name="Sleep" library="BuiltIn">
<arg>2</arg>
<doc>Pauses the test executed for the given time.</doc>
<msg timestamp="20220706 01:27:01.119" level="INFO">Slept 2 seconds</msg>
<status status="PASS" starttime="20220706 01:26:59.116" endtime="20220706 01:27:01.119"/>
</kw>
<kw name="Click Element" library="SeleniumLibrary">
<arg>${COR_2}</arg>
<doc>Click the element identified by ``locator``.</doc>
<msg timestamp="20220706 01:27:01.120" level="INFO">Clicking element 'xpath=//div[@id='product-variations']/div/div/div[4]/nav/div/div'.</msg>
<status status="PASS" starttime="20220706 01:27:01.119" endtime="20220706 01:27:01.162"/>
</kw>
<kw name="Sleep" library="BuiltIn">
<arg>2</arg>
<doc>Pauses the test executed for the given time.</doc>
<msg timestamp="20220706 01:27:03.177" level="INFO">Slept 2 seconds</msg>
<status status="PASS" starttime="20220706 01:27:01.162" endtime="20220706 01:27:03.177"/>
</kw>
<kw name="Click Element" library="SeleniumLibrary">
<arg>${COMPRAR}</arg>
<doc>Click the element identified by ``locator``.</doc>
<msg timestamp="20220706 01:27:03.177" level="INFO">Clicking element 'xpath=//div[@id='product-buy-button-container']/button/span[2]'.</msg>
<status status="PASS" starttime="20220706 01:27:03.177" endtime="20220706 01:27:03.291"/>
</kw>
<kw name="Sleep" library="BuiltIn">
<arg>2</arg>
<doc>Pauses the test executed for the given time.</doc>
<msg timestamp="20220706 01:27:05.304" level="INFO">Slept 2 seconds</msg>
<status status="PASS" starttime="20220706 01:27:03.291" endtime="20220706 01:27:05.304"/>
</kw>
<kw name="Click Element" library="SeleniumLibrary">
<arg>${VER_SACOLA}</arg>
<doc>Click the element identified by ``locator``.</doc>
<msg timestamp="20220706 01:27:05.304" level="INFO">Clicking element 'xpath=//div[@id='header-cart-popover']/div/div[3]/a'.</msg>
<status status="PASS" starttime="20220706 01:27:05.304" endtime="20220706 01:27:06.037"/>
</kw>
<kw name="Sleep" library="BuiltIn">
<arg>2</arg>
<doc>Pauses the test executed for the given time.</doc>
<msg timestamp="20220706 01:27:08.040" level="INFO">Slept 2 seconds</msg>
<status status="PASS" starttime="20220706 01:27:06.038" endtime="20220706 01:27:08.040"/>
</kw>
<kw name="Page Should Contain" library="SeleniumLibrary">
<arg>${FRASE}</arg>
<doc>Verifies that current page contains ``text``.</doc>
<msg timestamp="20220706 01:27:08.074" level="INFO">Current page contains text 'Você está acumulando 1 ponto no cartão fidelidade! Ao acumular 10 pontos, você ganha R$50 em compras.'.</msg>
<status status="PASS" starttime="20220706 01:27:08.040" endtime="20220706 01:27:08.074"/>
</kw>
<kw name="Sleep" library="BuiltIn">
<arg>2</arg>
<doc>Pauses the test executed for the given time.</doc>
<msg timestamp="20220706 01:27:10.088" level="INFO">Slept 2 seconds</msg>
<status status="PASS" starttime="20220706 01:27:08.074" endtime="20220706 01:27:10.088"/>
</kw>
<kw name="Click Element" library="SeleniumLibrary">
<arg>${FECHAR_COMPRA}</arg>
<doc>Click the element identified by ``locator``.</doc>
<msg timestamp="20220706 01:27:10.090" level="INFO">Clicking element 'xpath=//div[@id='cart-finish']/button[2]'.</msg>
<status status="PASS" starttime="20220706 01:27:10.089" endtime="20220706 01:27:11.242"/>
</kw>
<kw name="Sleep" library="BuiltIn">
<arg>2</arg>
<doc>Pauses the test executed for the given time.</doc>
<msg timestamp="20220706 01:27:13.244" level="INFO">Slept 2 seconds</msg>
<status status="PASS" starttime="20220706 01:27:11.242" endtime="20220706 01:27:13.244"/>
</kw>
<kw name="Close Browser" library="SeleniumLibrary">
<doc>Closes the current browser.</doc>
<status status="PASS" starttime="20220706 01:27:13.244" endtime="20220706 01:27:15.418"/>
</kw>
<status status="PASS" starttime="20220706 01:26:34.873" endtime="20220706 01:27:15.418"/>
</kw>
<status status="PASS" starttime="20220706 01:26:34.871" endtime="20220706 01:27:15.420"/>
</test>
<test id="s1-t3" name="Processo de compra de uma camiseta &quot;Erarr é humano&quot; no site do Chico Rei" line="17">
<kw name="Compra da camiseta &quot;Erarr é humano&quot;" library="chico">
<kw name="Open Browser" library="SeleniumLibrary">
<arg>${SITE}</arg>
<arg>${NAVEGADOR}</arg>
<doc>Opens a new browser instance to the optional ``url``.</doc>
<msg timestamp="20220706 01:27:15.429" level="INFO">Opening browser 'Chrome' to base url 'https://chicorei.com/'.</msg>
<status status="PASS" starttime="20220706 01:27:15.428" endtime="20220706 01:27:20.956"/>
</kw>
<kw name="Sleep" library="BuiltIn">
<arg>1</arg>
<doc>Pauses the test executed for the given time.</doc>
<msg timestamp="20220706 01:27:21.961" level="INFO">Slept 1 second</msg>
<status status="PASS" starttime="20220706 01:27:20.956" endtime="20220706 01:27:21.961"/>
</kw>
<kw name="Click Button" library="SeleniumLibrary">
<arg>${CONFIRMAR}</arg>
<doc>Clicks the button identified by ``locator``.</doc>
<msg timestamp="20220706 01:27:21.962" level="INFO">Clicking button 'id=confirmPolicyButton'.</msg>
<status status="PASS" starttime="20220706 01:27:21.961" endtime="20220706 01:27:22.054"/>
</kw>
<kw name="Sleep" library="BuiltIn">
<arg>1</arg>
<doc>Pauses the test executed for the given time.</doc>
<msg timestamp="20220706 01:27:23.069" level="INFO">Slept 1 second</msg>
<status status="PASS" starttime="20220706 01:27:22.054" endtime="20220706 01:27:23.069"/>
</kw>
<kw name="Wait Until Element Is Visible" library="SeleniumLibrary">
<arg>${PESQUISA}</arg>
<doc>Waits until the element ``locator`` is visible.</doc>
<status status="PASS" starttime="20220706 01:27:23.069" endtime="20220706 01:27:23.098"/>
</kw>
<kw name="Sleep" library="BuiltIn">
<arg>1</arg>
<doc>Pauses the test executed for the given time.</doc>
<msg timestamp="20220706 01:27:24.114" level="INFO">Slept 1 second</msg>
<status status="PASS" starttime="20220706 01:27:23.099" endtime="20220706 01:27:24.114"/>
</kw>
<kw name="Input Text" library="SeleniumLibrary">
<arg>${PESQUISA}</arg>
<arg>${NOME_PESQUISA_3}</arg>
<doc>Types the given ``text`` into the text field identified by ``locator``.</doc>
<msg timestamp="20220706 01:27:24.115" level="INFO">Typing text 'Erarr' into text field 'id=header-search-input-desktop'.</msg>
<status status="PASS" starttime="20220706 01:27:24.115" endtime="20220706 01:27:24.248"/>
</kw>
<kw name="Sleep" library="BuiltIn">
<arg>2</arg>
<doc>Pauses the test executed for the given time.</doc>
<msg timestamp="20220706 01:27:26.256" level="INFO">Slept 2 seconds</msg>
<status status="PASS" starttime="20220706 01:27:24.249" endtime="20220706 01:27:26.256"/>
</kw>
<kw name="Click Element" library="SeleniumLibrary">
<arg>${ABRIR_TODOS}</arg>
<doc>Click the element identified by ``locator``.</doc>
<msg timestamp="20220706 01:27:26.256" level="INFO">Clicking element 'xpath=//div[@id='header-search-desktop']/form/div/div/a'.</msg>
<status status="PASS" starttime="20220706 01:27:26.256" endtime="20220706 01:27:27.736"/>
</kw>
<kw name="Sleep" library="BuiltIn">
<arg>2</arg>
<doc>Pauses the test executed for the given time.</doc>
<msg timestamp="20220706 01:27:29.747" level="INFO">Slept 2 seconds</msg>
<status status="PASS" starttime="20220706 01:27:27.736" endtime="20220706 01:27:29.747"/>
</kw>
<kw name="Wait Until Element Is Visible" library="SeleniumLibrary">
<arg>${RESUL_PESQ}</arg>
<doc>Waits until the element ``locator`` is visible.</doc>
<status status="PASS" starttime="20220706 01:27:29.747" endtime="20220706 01:27:29.790"/>
</kw>
<kw name="Sleep" library="BuiltIn">
<arg>2</arg>
<doc>Pauses the test executed for the given time.</doc>
<msg timestamp="20220706 01:27:31.801" level="INFO">Slept 2 seconds</msg>
<status status="PASS" starttime="20220706 01:27:29.791" endtime="20220706 01:27:31.802"/>
</kw>
<kw name="Click Element" library="SeleniumLibrary">
<arg>${PESQUISA_1}</arg>
<doc>Click the element identified by ``locator``.</doc>
<msg timestamp="20220706 01:27:31.803" level="INFO">Clicking element 'css=.pos-absolute &gt; .entered:nth-child(1)'.</msg>
<status status="PASS" starttime="20220706 01:27:31.802" endtime="20220706 01:27:33.002"/>
</kw>
<kw name="Sleep" library="BuiltIn">
<arg>2</arg>
<doc>Pauses the test executed for the given time.</doc>
<msg timestamp="20220706 01:27:35.018" level="INFO">Slept 2 seconds</msg>
<status status="PASS" starttime="20220706 01:27:33.002" endtime="20220706 01:27:35.018"/>
</kw>
<kw name="Click Element" library="SeleniumLibrary">
<arg>${MODELAGEM}</arg>
<doc>Click the element identified by ``locator``.</doc>
<msg timestamp="20220706 01:27:35.018" level="INFO">Clicking element 'xpath=//div[@id='product-variations']/div/div/div[2]/div/nav'.</msg>
<status status="PASS" starttime="20220706 01:27:35.018" endtime="20220706 01:27:35.113"/>
</kw>
<kw name="Sleep" library="BuiltIn">
<arg>2</arg>
<doc>Pauses the test executed for the given time.</doc>
<msg timestamp="20220706 01:27:37.115" level="INFO">Slept 2 seconds</msg>
<status status="PASS" starttime="20220706 01:27:35.113" endtime="20220706 01:27:37.115"/>
</kw>
<kw name="Page Should Contain" library="SeleniumLibrary">
<arg>${CONTEM}</arg>
<doc>Verifies that current page contains ``text``.</doc>
<msg timestamp="20220706 01:27:37.130" level="INFO">Current page contains text 'R$ 69,99'.</msg>
<status status="PASS" starttime="20220706 01:27:37.115" endtime="20220706 01:27:37.130"/>
</kw>
<kw name="Sleep" library="BuiltIn">
<arg>2</arg>
<doc>Pauses the test executed for the given time.</doc>
<msg timestamp="20220706 01:27:39.136" level="INFO">Slept 2 seconds</msg>
<status status="PASS" starttime="20220706 01:27:37.130" endtime="20220706 01:27:39.136"/>
</kw>
<kw name="Click Element" library="SeleniumLibrary">
<arg>${TAMANHO}</arg>
<doc>Click the element identified by ``locator``.</doc>
<msg timestamp="20220706 01:27:39.136" level="INFO">Clicking element 'css=.cr-option-squared:nth-child(2)'.</msg>
<status status="PASS" starttime="20220706 01:27:39.136" endtime="20220706 01:27:39.183"/>
</kw>
<kw name="Sleep" library="BuiltIn">
<arg>2</arg>
<doc>Pauses the test executed for the given time.</doc>
<msg timestamp="20220706 01:27:41.195" level="INFO">Slept 2 seconds</msg>
<status status="PASS" starttime="20220706 01:27:39.183" endtime="20220706 01:27:41.195"/>
</kw>
<kw name="Click Element" library="SeleniumLibrary">
<arg>${COR_3}</arg>
<doc>Click the element identified by ``locator``.</doc>
<msg timestamp="20220706 01:27:41.195" level="INFO">Clicking element 'xpath=//div[@id='product-variations']/div/div/div[4]/nav/div/div'.</msg>
<status status="PASS" starttime="20220706 01:27:41.195" endtime="20220706 01:27:41.241"/>
</kw>
<kw name="Sleep" library="BuiltIn">
<arg>2</arg>
<doc>Pauses the test executed for the given time.</doc>
<msg timestamp="20220706 01:27:43.253" level="INFO">Slept 2 seconds</msg>
<status status="PASS" starttime="20220706 01:27:41.241" endtime="20220706 01:27:43.253"/>
</kw>
<kw name="Click Element" library="SeleniumLibrary">
<arg>${COMPRAR}</arg>
<doc>Click the element identified by ``locator``.</doc>
<msg timestamp="20220706 01:27:43.254" level="INFO">Clicking element 'xpath=//div[@id='product-buy-button-container']/button/span[2]'.</msg>
<status status="PASS" starttime="20220706 01:27:43.253" endtime="20220706 01:27:43.349"/>
</kw>
<kw name="Sleep" library="BuiltIn">
<arg>2</arg>
<doc>Pauses the test executed for the given time.</doc>
<msg timestamp="20220706 01:27:45.362" level="INFO">Slept 2 seconds</msg>
<status status="PASS" starttime="20220706 01:27:43.349" endtime="20220706 01:27:45.363"/>
</kw>
<kw name="Click Element" library="SeleniumLibrary">
<arg>${VER_SACOLA}</arg>
<doc>Click the element identified by ``locator``.</doc>
<msg timestamp="20220706 01:27:45.363" level="INFO">Clicking element 'xpath=//div[@id='header-cart-popover']/div/div[3]/a'.</msg>
<status status="PASS" starttime="20220706 01:27:45.363" endtime="20220706 01:27:46.108"/>
</kw>
<kw name="Sleep" library="BuiltIn">
<arg>2</arg>
<doc>Pauses the test executed for the given time.</doc>
<msg timestamp="20220706 01:27:48.110" level="INFO">Slept 2 seconds</msg>
<status status="PASS" starttime="20220706 01:27:46.109" endtime="20220706 01:27:48.110"/>
</kw>
<kw name="Page Should Contain" library="SeleniumLibrary">
<arg>${FRASE}</arg>
<doc>Verifies that current page contains ``text``.</doc>
<msg timestamp="20220706 01:27:48.163" level="INFO">Current page contains text 'Você está acumulando 1 ponto no cartão fidelidade! Ao acumular 10 pontos, você ganha R$50 em compras.'.</msg>
<status status="PASS" starttime="20220706 01:27:48.111" endtime="20220706 01:27:48.163"/>
</kw>
<kw name="Sleep" library="BuiltIn">
<arg>2</arg>
<doc>Pauses the test executed for the given time.</doc>
<msg timestamp="20220706 01:27:50.171" level="INFO">Slept 2 seconds</msg>
<status status="PASS" starttime="20220706 01:27:48.164" endtime="20220706 01:27:50.171"/>
</kw>
<kw name="Click Element" library="SeleniumLibrary">
<arg>${FECHAR_COMPRA}</arg>
<doc>Click the element identified by ``locator``.</doc>
<msg timestamp="20220706 01:27:50.172" level="INFO">Clicking element 'xpath=//div[@id='cart-finish']/button[2]'.</msg>
<status status="PASS" starttime="20220706 01:27:50.172" endtime="20220706 01:27:51.492"/>
</kw>
<kw name="Sleep" library="BuiltIn">
<arg>2</arg>
<doc>Pauses the test executed for the given time.</doc>
<msg timestamp="20220706 01:27:53.498" level="INFO">Slept 2 seconds</msg>
<status status="PASS" starttime="20220706 01:27:51.492" endtime="20220706 01:27:53.499"/>
</kw>
<kw name="Close Browser" library="SeleniumLibrary">
<doc>Closes the current browser.</doc>
<status status="PASS" starttime="20220706 01:27:53.499" endtime="20220706 01:27:55.735"/>
</kw>
<status status="PASS" starttime="20220706 01:27:15.427" endtime="20220706 01:27:55.736"/>
</kw>
<status status="PASS" starttime="20220706 01:27:15.424" endtime="20220706 01:27:55.737"/>
</test>
<test id="s1-t4" name="Processo de compra de uma camiseta &quot;Nem Te Vi&quot; no site do Chico Rei" line="21">
<kw name="Compra da camiseta &quot;Nem Te Vi&quot;" library="chico">
<kw name="Open Browser" library="SeleniumLibrary">
<arg>${SITE}</arg>
<arg>${NAVEGADOR}</arg>
<doc>Opens a new browser instance to the optional ``url``.</doc>
<msg timestamp="20220706 01:27:55.742" level="INFO">Opening browser 'Chrome' to base url 'https://chicorei.com/'.</msg>
<status status="PASS" starttime="20220706 01:27:55.741" endtime="20220706 01:28:01.273"/>
</kw>
<kw name="Sleep" library="BuiltIn">
<arg>1</arg>
<doc>Pauses the test executed for the given time.</doc>
<msg timestamp="20220706 01:28:02.282" level="INFO">Slept 1 second</msg>
<status status="PASS" starttime="20220706 01:28:01.274" endtime="20220706 01:28:02.282"/>
</kw>
<kw name="Click Button" library="SeleniumLibrary">
<arg>${CONFIRMAR}</arg>
<doc>Clicks the button identified by ``locator``.</doc>
<msg timestamp="20220706 01:28:02.282" level="INFO">Clicking button 'id=confirmPolicyButton'.</msg>
<status status="PASS" starttime="20220706 01:28:02.282" endtime="20220706 01:28:02.373"/>
</kw>
<kw name="Sleep" library="BuiltIn">
<arg>1</arg>
<doc>Pauses the test executed for the given time.</doc>
<msg timestamp="20220706 01:28:03.376" level="INFO">Slept 1 second</msg>
<status status="PASS" starttime="20220706 01:28:02.373" endtime="20220706 01:28:03.377"/>
</kw>
<kw name="Wait Until Element Is Visible" library="SeleniumLibrary">
<arg>${PESQUISA}</arg>
<doc>Waits until the element ``locator`` is visible.</doc>
<status status="PASS" starttime="20220706 01:28:03.377" endtime="20220706 01:28:03.417"/>
</kw>
<kw name="Sleep" library="BuiltIn">
<arg>1</arg>
<doc>Pauses the test executed for the given time.</doc>
<msg timestamp="20220706 01:28:04.422" level="INFO">Slept 1 second</msg>
<status status="PASS" starttime="20220706 01:28:03.417" endtime="20220706 01:28:04.422"/>
</kw>
<kw name="Input Text" library="SeleniumLibrary">
<arg>${PESQUISA}</arg>
<arg>${NOME_PESQUISA_4}</arg>
<doc>Types the given ``text`` into the text field identified by ``locator``.</doc>
<msg timestamp="20220706 01:28:04.423" level="INFO">Typing text 'Nem Te Vi' into text field 'id=header-search-input-desktop'.</msg>
<status status="PASS" starttime="20220706 01:28:04.422" endtime="20220706 01:28:04.524"/>
</kw>
<kw name="Sleep" library="BuiltIn">
<arg>2</arg>
<doc>Pauses the test executed for the given time.</doc>
<msg timestamp="20220706 01:28:06.527" level="INFO">Slept 2 seconds</msg>
<status status="PASS" starttime="20220706 01:28:04.524" endtime="20220706 01:28:06.527"/>
</kw>
<kw name="Click Element" library="SeleniumLibrary">
<arg>${ABRIR_TODOS}</arg>
<doc>Click the element identified by ``locator``.</doc>
<msg timestamp="20220706 01:28:06.527" level="INFO">Clicking element 'xpath=//div[@id='header-search-desktop']/form/div/div/a'.</msg>
<msg timestamp="20220706 01:28:07.935" level="INFO" html="true">&lt;/td&gt;&lt;/tr&gt;&lt;tr&gt;&lt;td colspan="3"&gt;&lt;a href="selenium-screenshot-51.png"&gt;&lt;img src="selenium-screenshot-51.png" width="800px"&gt;&lt;/a&gt;</msg>
<msg timestamp="20220706 01:28:07.935" level="FAIL">WebDriverException: Message: unknown error: cannot determine loading status
from unknown error: unexpected command response
  (Session info: chrome=103.0.5060.114)
Stacktrace:
Backtrace:
	Ordinal0 [0x00346463+2188387]
	Ordinal0 [0x002DE461+1762401]
	Ordinal0 [0x001F3D78+802168]
	Ordinal0 [0x001E7210+750096]
	Ordinal0 [0x001E675A+747354]
	Ordinal0 [0x001E5D3F+744767]
	Ordinal0 [0x001E4C28+740392]
	Ordinal0 [0x001E5228+741928]
	Ordinal0 [0x001EF153+782675]
	Ordinal0 [0x001F9FBB+827323]
	Ordinal0 [0x001FD310+840464]
	Ordinal0 [0x001E54F6+742646]
	Ordinal0 [0x001F9BF3+826355]
	Ordinal0 [0x0024CF6D+1167213]
	Ordinal0 [0x0023C5F6+1099254]
	Ordinal0 [0x00216BE0+945120]
	Ordinal0 [0x00217AD6+948950]
	GetHandleVerifier [0x005E71F2+2712546]
	GetHandleVerifier [0x005D886D+2652765]
	GetHandleVerifier [0x003D002A+520730]
	GetHandleVerifier [0x003CEE06+516086]
	Ordinal0 [0x002E468B+1787531]
	Ordinal0 [0x002E8E88+1805960]
	Ordinal0 [0x002E8F75+1806197]
	Ordinal0 [0x002F1DF1+1842673]
	BaseThreadInitThunk [0x769EFA29+25]
	RtlGetAppContainerNamedObjectPath [0x77A27A9E+286]
	RtlGetAppContainerNamedObjectPath [0x77A27A6E+238]
</msg>
<status status="FAIL" starttime="20220706 01:28:06.527" endtime="20220706 01:28:07.937"/>
</kw>
<kw name="Sleep" library="BuiltIn">
<arg>2</arg>
<doc>Pauses the test executed for the given time.</doc>
<status status="NOT RUN" starttime="20220706 01:28:07.937" endtime="20220706 01:28:07.938"/>
</kw>
<kw name="Wait Until Element Is Visible" library="SeleniumLibrary">
<arg>${RESUL_PESQ}</arg>
<doc>Waits until the element ``locator`` is visible.</doc>
<status status="NOT RUN" starttime="20220706 01:28:07.938" endtime="20220706 01:28:07.938"/>
</kw>
<kw name="Sleep" library="BuiltIn">
<arg>2</arg>
<doc>Pauses the test executed for the given time.</doc>
<status status="NOT RUN" starttime="20220706 01:28:07.938" endtime="20220706 01:28:07.938"/>
</kw>
<kw name="Click Element" library="SeleniumLibrary">
<arg>${PESQUISA_1}</arg>
<doc>Click the element identified by ``locator``.</doc>
<status status="NOT RUN" starttime="20220706 01:28:07.938" endtime="20220706 01:28:07.938"/>
</kw>
<kw name="Sleep" library="BuiltIn">
<arg>2</arg>
<doc>Pauses the test executed for the given time.</doc>
<status status="NOT RUN" starttime="20220706 01:28:07.938" endtime="20220706 01:28:07.938"/>
</kw>
<kw name="Click Element" library="SeleniumLibrary">
<arg>${MODELAGEM}</arg>
<doc>Click the element identified by ``locator``.</doc>
<status status="NOT RUN" starttime="20220706 01:28:07.938" endtime="20220706 01:28:07.938"/>
</kw>
<kw name="Sleep" library="BuiltIn">
<arg>2</arg>
<doc>Pauses the test executed for the given time.</doc>
<status status="NOT RUN" starttime="20220706 01:28:07.938" endtime="20220706 01:28:07.938"/>
</kw>
<kw name="Page Should Contain" library="SeleniumLibrary">
<arg>${CONTEM}</arg>
<doc>Verifies that current page contains ``text``.</doc>
<status status="NOT RUN" starttime="20220706 01:28:07.938" endtime="20220706 01:28:07.938"/>
</kw>
<kw name="Sleep" library="BuiltIn">
<arg>2</arg>
<doc>Pauses the test executed for the given time.</doc>
<status status="NOT RUN" starttime="20220706 01:28:07.938" endtime="20220706 01:28:07.938"/>
</kw>
<kw name="Click Element" library="SeleniumLibrary">
<arg>${TAMANHO}</arg>
<doc>Click the element identified by ``locator``.</doc>
<status status="NOT RUN" starttime="20220706 01:28:07.938" endtime="20220706 01:28:07.938"/>
</kw>
<kw name="Sleep" library="BuiltIn">
<arg>2</arg>
<doc>Pauses the test executed for the given time.</doc>
<status status="NOT RUN" starttime="20220706 01:28:07.939" endtime="20220706 01:28:07.939"/>
</kw>
<kw name="Click Element" library="SeleniumLibrary">
<arg>${COR_4}</arg>
<doc>Click the element identified by ``locator``.</doc>
<status status="NOT RUN" starttime="20220706 01:28:07.939" endtime="20220706 01:28:07.939"/>
</kw>
<kw name="Sleep" library="BuiltIn">
<arg>2</arg>
<doc>Pauses the test executed for the given time.</doc>
<status status="NOT RUN" starttime="20220706 01:28:07.939" endtime="20220706 01:28:07.939"/>
</kw>
<kw name="Click Element" library="SeleniumLibrary">
<arg>${COMPRAR}</arg>
<doc>Click the element identified by ``locator``.</doc>
<status status="NOT RUN" starttime="20220706 01:28:07.939" endtime="20220706 01:28:07.939"/>
</kw>
<kw name="Sleep" library="BuiltIn">
<arg>2</arg>
<doc>Pauses the test executed for the given time.</doc>
<status status="NOT RUN" starttime="20220706 01:28:07.939" endtime="20220706 01:28:07.939"/>
</kw>
<kw name="Click Element" library="SeleniumLibrary">
<arg>${VER_SACOLA}</arg>
<doc>Click the element identified by ``locator``.</doc>
<status status="NOT RUN" starttime="20220706 01:28:07.939" endtime="20220706 01:28:07.939"/>
</kw>
<kw name="Sleep" library="BuiltIn">
<arg>2</arg>
<doc>Pauses the test executed for the given time.</doc>
<status status="NOT RUN" starttime="20220706 01:28:07.939" endtime="20220706 01:28:07.939"/>
</kw>
<kw name="Page Should Contain" library="SeleniumLibrary">
<arg>${FRASE}</arg>
<doc>Verifies that current page contains ``text``.</doc>
<status status="NOT RUN" starttime="20220706 01:28:07.939" endtime="20220706 01:28:07.939"/>
</kw>
<kw name="Sleep" library="BuiltIn">
<arg>2</arg>
<doc>Pauses the test executed for the given time.</doc>
<status status="NOT RUN" starttime="20220706 01:28:07.939" endtime="20220706 01:28:07.939"/>
</kw>
<kw name="Click Element" library="SeleniumLibrary">
<arg>${FECHAR_COMPRA}</arg>
<doc>Click the element identified by ``locator``.</doc>
<status status="NOT RUN" starttime="20220706 01:28:07.939" endtime="20220706 01:28:07.939"/>
</kw>
<kw name="Sleep" library="BuiltIn">
<arg>2</arg>
<doc>Pauses the test executed for the given time.</doc>
<status status="NOT RUN" starttime="20220706 01:28:07.939" endtime="20220706 01:28:07.939"/>
</kw>
<kw name="Close Browser" library="SeleniumLibrary">
<doc>Closes the current browser.</doc>
<status status="NOT RUN" starttime="20220706 01:28:07.939" endtime="20220706 01:28:07.939"/>
</kw>
<status status="FAIL" starttime="20220706 01:27:55.741" endtime="20220706 01:28:07.940"/>
</kw>
<status status="FAIL" starttime="20220706 01:27:55.739" endtime="20220706 01:28:07.941">WebDriverException: Message: unknown error: cannot determine loading status
from unknown error: unexpected command response
  (Session info: chrome=103.0.5060.114)
Stacktrace:
Backtrace:
	Ordinal0 [0x00346463+2188387]
	Ordinal0 [0x002DE461+1762401]
	Ordinal0 [0x001F3D78+802168]
	Ordinal0 [0x001E7210+750096]
	Ordinal0 [0x001E675A+747354]
	Ordinal0 [0x001E5D3F+744767]
	Ordinal0 [0x001E4C28+740392]
	Ordinal0 [0x001E5228+741928]
	Ordinal0 [0x001EF153+782675]
	Ordinal0 [0x001F9FBB+827323]
	Ordinal0 [0x001FD310+840464]
	Ordinal0 [0x001E54F6+742646]
	Ordinal0 [0x001F9BF3+826355]
	Ordinal0 [0x0024CF6D+1167213]
	Ordinal0 [0x0023C5F6+1099254]
	Ordinal0 [0x00216BE0+945120]
	Ordinal0 [0x00217AD6+948950]
	GetHandleVerifier [0x005E71F2+2712546]
	GetHandleVerifier [0x005D886D+2652765]
	GetHandleVerifier [0x003D002A+520730]
	GetHandleVerifier [0x003CEE06+516086]
	Ordinal0 [0x002E468B+1787531]
	Ordinal0 [0x002E8E88+1805960]
	Ordinal0 [0x002E8F75+1806197]
	Ordinal0 [0x002F1DF1+1842673]
	BaseThreadInitThunk [0x769EFA29+25]
	RtlGetAppContainerNamedObjectPath [0x77A27A9E+286]
	RtlGetAppContainerNamedObjectPath [0x77A27A6E+238]
</status>
</test>
<test id="s1-t5" name="Processo de compra de uma camiseta &quot;Alceu Dispor&quot; no site do Chico Rei" line="25">
<kw name="Compra da camiseta &quot;Alceu Dispor&quot;" library="chico">
<kw name="Open Browser" library="SeleniumLibrary">
<arg>${SITE}</arg>
<arg>${NAVEGADOR}</arg>
<doc>Opens a new browser instance to the optional ``url``.</doc>
<msg timestamp="20220706 01:28:07.947" level="INFO">Opening browser 'Chrome' to base url 'https://chicorei.com/'.</msg>
<status status="PASS" starttime="20220706 01:28:07.946" endtime="20220706 01:28:13.528"/>
</kw>
<kw name="Sleep" library="BuiltIn">
<arg>2</arg>
<doc>Pauses the test executed for the given time.</doc>
<msg timestamp="20220706 01:28:15.535" level="INFO">Slept 2 seconds</msg>
<status status="PASS" starttime="20220706 01:28:13.528" endtime="20220706 01:28:15.535"/>
</kw>
<kw name="Click Button" library="SeleniumLibrary">
<arg>${CONFIRMAR}</arg>
<doc>Clicks the button identified by ``locator``.</doc>
<msg timestamp="20220706 01:28:15.536" level="INFO">Clicking button 'id=confirmPolicyButton'.</msg>
<status status="PASS" starttime="20220706 01:28:15.535" endtime="20220706 01:28:15.656"/>
</kw>
<kw name="Sleep" library="BuiltIn">
<arg>2</arg>
<doc>Pauses the test executed for the given time.</doc>
<msg timestamp="20220706 01:28:17.667" level="INFO">Slept 2 seconds</msg>
<status status="PASS" starttime="20220706 01:28:15.656" endtime="20220706 01:28:17.667"/>
</kw>
<kw name="Wait Until Element Is Visible" library="SeleniumLibrary">
<arg>${PESQUISA}</arg>
<doc>Waits until the element ``locator`` is visible.</doc>
<status status="PASS" starttime="20220706 01:28:17.667" endtime="20220706 01:28:17.687"/>
</kw>
<kw name="Sleep" library="BuiltIn">
<arg>2</arg>
<doc>Pauses the test executed for the given time.</doc>
<msg timestamp="20220706 01:28:19.695" level="INFO">Slept 2 seconds</msg>
<status status="PASS" starttime="20220706 01:28:17.688" endtime="20220706 01:28:19.695"/>
</kw>
<kw name="Input Text" library="SeleniumLibrary">
<arg>${PESQUISA}</arg>
<arg>${NOME_PESQUISA_5}</arg>
<doc>Types the given ``text`` into the text field identified by ``locator``.</doc>
<msg timestamp="20220706 01:28:19.695" level="INFO">Typing text 'Alceu Dispor' into text field 'id=header-search-input-desktop'.</msg>
<status status="PASS" starttime="20220706 01:28:19.695" endtime="20220706 01:28:19.823"/>
</kw>
<kw name="Sleep" library="BuiltIn">
<arg>2</arg>
<doc>Pauses the test executed for the given time.</doc>
<msg timestamp="20220706 01:28:21.837" level="INFO">Slept 2 seconds</msg>
<status status="PASS" starttime="20220706 01:28:19.823" endtime="20220706 01:28:21.837"/>
</kw>
<kw name="Click Element" library="SeleniumLibrary">
<arg>${ABRIR_TODOS}</arg>
<doc>Click the element identified by ``locator``.</doc>
<msg timestamp="20220706 01:28:21.837" level="INFO">Clicking element 'xpath=//div[@id='header-search-desktop']/form/div/div/a'.</msg>
<status status="PASS" starttime="20220706 01:28:21.837" endtime="20220706 01:28:23.715"/>
</kw>
<kw name="Sleep" library="BuiltIn">
<arg>2</arg>
<doc>Pauses the test executed for the given time.</doc>
<msg timestamp="20220706 01:28:25.730" level="INFO">Slept 2 seconds</msg>
<status status="PASS" starttime="20220706 01:28:23.715" endtime="20220706 01:28:25.730"/>
</kw>
<kw name="Wait Until Element Is Visible" library="SeleniumLibrary">
<arg>${RESUL_PESQ}</arg>
<doc>Waits until the element ``locator`` is visible.</doc>
<status status="PASS" starttime="20220706 01:28:25.730" endtime="20220706 01:28:25.767"/>
</kw>
<kw name="Sleep" library="BuiltIn">
<arg>2</arg>
<doc>Pauses the test executed for the given time.</doc>
<msg timestamp="20220706 01:28:27.776" level="INFO">Slept 2 seconds</msg>
<status status="PASS" starttime="20220706 01:28:25.767" endtime="20220706 01:28:27.776"/>
</kw>
<kw name="Click Element" library="SeleniumLibrary">
<arg>${PESQUISA_1}</arg>
<doc>Click the element identified by ``locator``.</doc>
<msg timestamp="20220706 01:28:27.776" level="INFO">Clicking element 'css=.pos-absolute &gt; .entered:nth-child(1)'.</msg>
<status status="PASS" starttime="20220706 01:28:27.776" endtime="20220706 01:28:35.482"/>
</kw>
<kw name="Sleep" library="BuiltIn">
<arg>2</arg>
<doc>Pauses the test executed for the given time.</doc>
<msg timestamp="20220706 01:28:37.490" level="INFO">Slept 2 seconds</msg>
<status status="PASS" starttime="20220706 01:28:35.482" endtime="20220706 01:28:37.490"/>
</kw>
<kw name="Click Element" library="SeleniumLibrary">
<arg>${MODELAGEM}</arg>
<doc>Click the element identified by ``locator``.</doc>
<msg timestamp="20220706 01:28:37.490" level="INFO">Clicking element 'xpath=//div[@id='product-variations']/div/div/div[2]/div/nav'.</msg>
<status status="PASS" starttime="20220706 01:28:37.490" endtime="20220706 01:28:37.543"/>
</kw>
<kw name="Sleep" library="BuiltIn">
<arg>2</arg>
<doc>Pauses the test executed for the given time.</doc>
<msg timestamp="20220706 01:28:39.558" level="INFO">Slept 2 seconds</msg>
<status status="PASS" starttime="20220706 01:28:37.544" endtime="20220706 01:28:39.558"/>
</kw>
<kw name="Page Should Contain" library="SeleniumLibrary">
<arg>${CONTEM}</arg>
<doc>Verifies that current page contains ``text``.</doc>
<msg timestamp="20220706 01:28:39.583" level="INFO">Current page contains text 'R$ 69,99'.</msg>
<status status="PASS" starttime="20220706 01:28:39.558" endtime="20220706 01:28:39.583"/>
</kw>
<kw name="Sleep" library="BuiltIn">
<arg>2</arg>
<doc>Pauses the test executed for the given time.</doc>
<msg timestamp="20220706 01:28:41.588" level="INFO">Slept 2 seconds</msg>
<status status="PASS" starttime="20220706 01:28:39.584" endtime="20220706 01:28:41.588"/>
</kw>
<kw name="Click Element" library="SeleniumLibrary">
<arg>${TAMANHO}</arg>
<doc>Click the element identified by ``locator``.</doc>
<msg timestamp="20220706 01:28:41.589" level="INFO">Clicking element 'css=.cr-option-squared:nth-child(2)'.</msg>
<status status="PASS" starttime="20220706 01:28:41.588" endtime="20220706 01:28:41.649"/>
</kw>
<kw name="Sleep" library="BuiltIn">
<arg>2</arg>
<doc>Pauses the test executed for the given time.</doc>
<msg timestamp="20220706 01:28:43.662" level="INFO">Slept 2 seconds</msg>
<status status="PASS" starttime="20220706 01:28:41.650" endtime="20220706 01:28:43.662"/>
</kw>
<kw name="Click Element" library="SeleniumLibrary">
<arg>${COR_5}</arg>
<doc>Click the element identified by ``locator``.</doc>
<msg timestamp="20220706 01:28:43.662" level="INFO">Clicking element 'xpath=//div[@id='product-variations']/div/div/div[4]/nav/div[2]/div'.</msg>
<status status="PASS" starttime="20220706 01:28:43.662" endtime="20220706 01:28:43.712"/>
</kw>
<kw name="Sleep" library="BuiltIn">
<arg>2</arg>
<doc>Pauses the test executed for the given time.</doc>
<msg timestamp="20220706 01:28:45.726" level="INFO">Slept 2 seconds</msg>
<status status="PASS" starttime="20220706 01:28:43.712" endtime="20220706 01:28:45.726"/>
</kw>
<kw name="Click Element" library="SeleniumLibrary">
<arg>${COMPRAR}</arg>
<doc>Click the element identified by ``locator``.</doc>
<msg timestamp="20220706 01:28:45.727" level="INFO">Clicking element 'xpath=//div[@id='product-buy-button-container']/button/span[2]'.</msg>
<status status="PASS" starttime="20220706 01:28:45.726" endtime="20220706 01:28:45.830"/>
</kw>
<kw name="Sleep" library="BuiltIn">
<arg>2</arg>
<doc>Pauses the test executed for the given time.</doc>
<msg timestamp="20220706 01:28:47.835" level="INFO">Slept 2 seconds</msg>
<status status="PASS" starttime="20220706 01:28:45.831" endtime="20220706 01:28:47.835"/>
</kw>
<kw name="Click Element" library="SeleniumLibrary">
<arg>${VER_SACOLA}</arg>
<doc>Click the element identified by ``locator``.</doc>
<msg timestamp="20220706 01:28:47.836" level="INFO">Clicking element 'xpath=//div[@id='header-cart-popover']/div/div[3]/a'.</msg>
<status status="PASS" starttime="20220706 01:28:47.835" endtime="20220706 01:28:48.754"/>
</kw>
<kw name="Sleep" library="BuiltIn">
<arg>2</arg>
<doc>Pauses the test executed for the given time.</doc>
<msg timestamp="20220706 01:28:50.756" level="INFO">Slept 2 seconds</msg>
<status status="PASS" starttime="20220706 01:28:48.755" endtime="20220706 01:28:50.756"/>
</kw>
<kw name="Page Should Contain" library="SeleniumLibrary">
<arg>${FRASE}</arg>
<doc>Verifies that current page contains ``text``.</doc>
<msg timestamp="20220706 01:28:50.783" level="INFO">Current page contains text 'Você está acumulando 1 ponto no cartão fidelidade! Ao acumular 10 pontos, você ganha R$50 em compras.'.</msg>
<status status="PASS" starttime="20220706 01:28:50.756" endtime="20220706 01:28:50.783"/>
</kw>
<kw name="Sleep" library="BuiltIn">
<arg>2</arg>
<doc>Pauses the test executed for the given time.</doc>
<msg timestamp="20220706 01:28:52.792" level="INFO">Slept 2 seconds</msg>
<status status="PASS" starttime="20220706 01:28:50.783" endtime="20220706 01:28:52.792"/>
</kw>
<kw name="Click Element" library="SeleniumLibrary">
<arg>${FECHAR_COMPRA}</arg>
<doc>Click the element identified by ``locator``.</doc>
<msg timestamp="20220706 01:28:52.793" level="INFO">Clicking element 'xpath=//div[@id='cart-finish']/button[2]'.</msg>
<status status="PASS" starttime="20220706 01:28:52.792" endtime="20220706 01:28:54.544"/>
</kw>
<kw name="Sleep" library="BuiltIn">
<arg>2</arg>
<doc>Pauses the test executed for the given time.</doc>
<msg timestamp="20220706 01:28:56.557" level="INFO">Slept 2 seconds</msg>
<status status="PASS" starttime="20220706 01:28:54.544" endtime="20220706 01:28:56.557"/>
</kw>
<kw name="Close Browser" library="SeleniumLibrary">
<doc>Closes the current browser.</doc>
<status status="PASS" starttime="20220706 01:28:56.557" endtime="20220706 01:28:58.726"/>
</kw>
<status status="PASS" starttime="20220706 01:28:07.946" endtime="20220706 01:28:58.726"/>
</kw>
<status status="PASS" starttime="20220706 01:28:07.945" endtime="20220706 01:28:58.727"/>
</test>
<status status="FAIL" starttime="20220706 01:25:49.810" endtime="20220706 01:28:58.728"/>
</suite>
<statistics>
<total>
<stat pass="4" fail="1" skip="0">All Tests</stat>
</total>
<tag>
</tag>
<suite>
<stat pass="4" fail="1" skip="0" id="s1" name="Chico">Chico</stat>
</suite>
</statistics>
<errors>
</errors>
</robot>
